Job running on ece-ugproj2
Date: Thu Mar 19 09:38:22 AM IST 2026
Python: /home/projects/sipl-prj10622/conda/envs/dlsca_scaaml/bin/python
Detailed attack started at Thu Mar 19 09:38:22 AM IST 2026
Loaded 10000 attack traces, length 250000
Loading model /home/projects/sipl-prj10622/ASCAD/ASCAD_r/models/basic_MTL_low_sharing_all.weights.h5

True key: [0, 17, 34, 51, 68, 85, 102, 119, 136, 153, 170, 187, 204, 221, 238, 255]

=== Per-byte rank statistics (single-trace) ===
  Byte     Mean   Median   Top-1%   Top-3%   Top-5%  Top-10%  Top-20%
     2      6.1      3.0     28.7     56.4     69.6     84.8     94.3
     3      7.3      4.0     20.5     44.6     59.6     79.2     92.7
     4      4.6      2.0     34.0     62.5     75.1     89.4     97.2
     5      5.0      3.0     32.7     61.1     74.3     88.3     96.2
     6      7.4      4.0     25.9     50.0     63.4     79.1     91.6
     7      7.4      3.0     25.3     50.1     63.4     79.4     91.9
     8      5.9      3.0     29.1     56.1     69.3     85.3     94.7
     9      5.5      3.0     29.3     56.2     69.9     85.5     95.4
    10      5.8      3.0     32.3     59.0     72.1     86.1     94.6
    11      5.9      3.0     29.2     56.2     69.8     84.9     94.4
    12      7.0      3.0     26.1     50.8     64.7     81.2     92.6
    13      5.7      3.0     25.1     53.8     68.9     85.3     95.5
    14      6.2      3.0     28.5     54.6     67.6     83.6     94.3
    15      5.1      2.0     34.6     61.0     73.0     87.3     95.7

  Overall mean rank: 6.1
  All bytes top-1 on same trace: 0.00%

=== Cumulative log-probability attack ===

  Experiment 0:
    Trace   1: ranks=[7, 1, 1, 1, 2, 1, 1, 8, 17, 14, 4, 1, 21, 2] | mean=5.8 | max=21
    Trace   2: ranks=[1, 1, 1, 1, 1, 1, 1, 1, 1, 3, 1, 2, 2, 1] | mean=1.3 | max=3
    Trace   3: ranks=[1, 1, 1, 1, 1, 1, 1, 1, 1, 1, 1, 1, 1, 2] | mean=1.1 | max=2
    Trace   4: ranks=[1, 1, 1, 1, 1, 1, 1, 1, 1, 3, 1, 1, 1, 1] | mean=1.1 | max=3
    Trace   5: ranks=[1, 1, 1, 1, 1, 1, 1, 1, 1, 2, 1, 1, 1, 1] | mean=1.1 | max=2
    Trace   6: ranks=[1, 1, 1, 1, 1, 1, 1, 1, 1, 2, 1, 1, 1, 1] | mean=1.1 | max=2
    Trace   7: ranks=[1, 1, 1, 1, 1, 1, 1, 1, 1, 2, 1, 1, 1, 1] | mean=1.1 | max=2
    Trace   8: ranks=[1, 1, 1, 1, 1, 1, 1, 1, 1, 2, 1, 1, 1, 1] | mean=1.1 | max=2
    Trace   9: ranks=[1, 1, 1, 1, 1, 1, 1, 1, 1, 2, 1, 1, 1, 1] | mean=1.1 | max=2
    Trace  10: ranks=[1, 1, 1, 1, 1, 1, 1, 1, 1, 2, 1, 1, 1, 1] | mean=1.1 | max=2
    Trace  11: ranks=[1, 1, 1, 1, 1, 1, 1, 1, 1, 1, 1, 1, 1, 1] | mean=1.0 | ALL TOP-1
    >>> ALL BYTES RECOVERED at trace 11!

  Experiment 1:
    Trace   1: ranks=[8, 2, 1, 1, 1, 1, 3, 1, 3, 3, 3, 3, 1, 2] | mean=2.4 | max=8
    Trace   2: ranks=[1, 2, 1, 1, 1, 1, 1, 1, 1, 1, 1, 1, 1, 1] | mean=1.1 | max=2
    Trace   3: ranks=[1, 1, 1, 1, 1, 1, 1, 1, 1, 1, 1, 1, 1, 1] | mean=1.0 | ALL TOP-1
    >>> ALL BYTES RECOVERED at trace 3!

  Experiment 2:
    Trace   1: ranks=[1, 3, 9, 1, 3, 4, 17, 27, 1, 2, 1, 6, 6, 9] | mean=6.4 | max=27
    Trace   2: ranks=[1, 1, 4, 1, 1, 1, 5, 3, 1, 1, 1, 1, 2, 4] | mean=1.9 | max=5
    Trace   3: ranks=[1, 1, 3, 1, 1, 1, 2, 1, 1, 1, 1, 1, 1, 3] | mean=1.4 | max=3
    Trace   4: ranks=[1, 1, 5, 2, 1, 1, 3, 1, 1, 2, 1, 1, 1, 2] | mean=1.6 | max=5
    Trace   5: ranks=[1, 1, 2, 1, 1, 1, 1, 1, 1, 1, 1, 1, 1, 2] | mean=1.1 | max=2
    Trace   6: ranks=[1, 2, 1, 1, 1, 1, 1, 1, 1, 1, 1, 1, 1, 1] | mean=1.1 | max=2
    Trace   7: ranks=[1, 1, 1, 1, 1, 1, 1, 1, 1, 1, 1, 1, 1, 1] | mean=1.0 | ALL TOP-1
    >>> ALL BYTES RECOVERED at trace 7!

  Experiment 3:
    Trace   1: ranks=[12, 3, 4, 6, 12, 3, 4, 19, 8, 8, 4, 7, 7, 3] | mean=7.1 | max=19
    Trace   2: ranks=[2, 2, 3, 1, 1, 1, 1, 1, 1, 4, 2, 1, 1, 2] | mean=1.6 | max=4
    Trace   3: ranks=[1, 2, 1, 1, 1, 1, 1, 1, 1, 3, 3, 2, 1, 1] | mean=1.4 | max=3
    Trace   4: ranks=[1, 2, 1, 1, 2, 1, 1, 1, 3, 3, 4, 2, 1, 2] | mean=1.8 | max=4
    Trace   5: ranks=[1, 2, 1, 1, 1, 1, 1, 1, 2, 1, 4, 2, 1, 1] | mean=1.4 | max=4
    Trace   6: ranks=[1, 2, 1, 1, 1, 1, 1, 1, 1, 1, 4, 1, 1, 1] | mean=1.3 | max=4
    Trace   7: ranks=[1, 1, 1, 1, 1, 1, 1, 1, 1, 1, 2, 1, 1, 1] | mean=1.1 | max=2
    Trace   8: ranks=[1, 1, 1, 1, 1, 1, 1, 1, 1, 1, 1, 2, 1, 1] | mean=1.1 | max=2
    Trace   9: ranks=[1, 1, 1, 1, 1, 1, 1, 1, 1, 1, 1, 1, 1, 1] | mean=1.0 | ALL TOP-1
    >>> ALL BYTES RECOVERED at trace 9!

  Experiment 4:
    Trace   1: ranks=[1, 3, 3, 1, 3, 7, 1, 7, 1, 1, 18, 1, 1, 1] | mean=3.5 | max=18
    Trace   2: ranks=[1, 1, 1, 1, 2, 2, 2, 2, 1, 1, 1, 1, 1, 1] | mean=1.3 | max=2
    Trace   3: ranks=[1, 2, 1, 1, 2, 6, 2, 2, 1, 2, 1, 1, 1, 1] | mean=1.7 | max=6
    Trace   4: ranks=[1, 1, 1, 1, 1, 3, 1, 1, 1, 1, 1, 1, 1, 1] | mean=1.1 | max=3
    Trace   5: ranks=[1, 1, 1, 1, 1, 3, 2, 1, 1, 1, 1, 1, 1, 1] | mean=1.2 | max=3
    Trace   6: ranks=[1, 1, 1, 1, 1, 2, 2, 1, 1, 1, 1, 1, 1, 1] | mean=1.1 | max=2
    Trace   7: ranks=[1, 1, 1, 1, 1, 2, 1, 1, 1, 1, 1, 1, 1, 1] | mean=1.1 | max=2
    Trace   8: ranks=[1, 1, 1, 1, 1, 1, 1, 1, 1, 1, 1, 1, 1, 1] | mean=1.0 | ALL TOP-1
    >>> ALL BYTES RECOVERED at trace 8!
Detailed attack completed at Thu Mar 19 09:39:02 AM IST 2026
