Job running on ece-ugproj2
Date: Thu Mar 19 09:36:54 AM IST 2026
Python: /home/projects/sipl-prj10622/conda/envs/dlsca_scaaml/bin/python
Detailed attack started at Thu Mar 19 09:36:54 AM IST 2026
Loaded 10000 attack traces, length 250000
Loading model /home/projects/sipl-prj10622/ASCAD/ASCAD_r/models/basic_MTL_hard_sharing_all.weights.h5

True key: [0, 17, 34, 51, 68, 85, 102, 119, 136, 153, 170, 187, 204, 221, 238, 255]

=== Per-byte rank statistics (single-trace) ===
  Byte     Mean   Median   Top-1%   Top-3%   Top-5%  Top-10%  Top-20%
     2      5.4      3.0     31.2     59.7     72.9     87.3     95.3
     3      7.2      4.0     21.4     45.4     60.1     79.0     92.4
     4      4.5      2.0     33.6     63.1     76.3     90.0     97.3
     5      4.5      2.0     34.5     62.4     75.8     90.1     97.2
     6      6.7      3.0     26.9     52.0     66.4     82.2     92.9
     7      5.9      3.0     31.3     57.7     70.9     84.8     94.4
     8      5.2      3.0     31.2     58.5     72.3     87.6     95.9
     9      5.4      3.0     29.5     56.9     70.6     86.2     95.7
    10      6.1      3.0     26.8     53.4     68.5     85.1     94.7
    11      5.7      3.0     31.0     57.1     70.7     85.7     94.9
    12      5.1      3.0     33.8     60.7     73.9     87.8     95.9
    13      5.1      3.0     29.8     57.7     72.0     87.4     96.4
    14      5.1      2.0     33.8     62.3     74.3     88.0     95.9
    15      2.8      2.0     49.6     80.2     88.9     95.9     99.1

  Overall mean rank: 5.3
  All bytes top-1 on same trace: 0.00%

=== Cumulative log-probability attack ===

  Experiment 0:
    Trace   1: ranks=[7, 3, 2, 1, 1, 3, 2, 1, 4, 1, 3, 2, 1, 1] | mean=2.3 | max=7
    Trace   2: ranks=[2, 1, 1, 1, 5, 1, 1, 1, 2, 1, 1, 1, 1, 1] | mean=1.4 | max=5
    Trace   3: ranks=[2, 1, 1, 1, 1, 1, 1, 1, 2, 1, 1, 1, 1, 1] | mean=1.1 | max=2
    Trace   4: ranks=[1, 1, 1, 1, 1, 1, 1, 1, 1, 1, 1, 1, 1, 1] | mean=1.0 | ALL TOP-1
    >>> ALL BYTES RECOVERED at trace 4!

  Experiment 1:
    Trace   1: ranks=[2, 1, 2, 1, 1, 1, 2, 1, 5, 1, 1, 4, 3, 3] | mean=2.0 | max=5
    Trace   2: ranks=[1, 1, 2, 1, 1, 1, 1, 1, 1, 1, 1, 2, 1, 1] | mean=1.1 | max=2
    Trace   3: ranks=[1, 1, 1, 1, 1, 1, 1, 1, 2, 1, 1, 1, 1, 1] | mean=1.1 | max=2
    Trace   4: ranks=[1, 1, 1, 1, 1, 1, 1, 1, 3, 1, 1, 2, 1, 1] | mean=1.2 | max=3
    Trace   5: ranks=[1, 1, 1, 1, 1, 1, 1, 1, 3, 1, 1, 1, 1, 1] | mean=1.1 | max=3
    Trace   6: ranks=[1, 1, 1, 1, 1, 1, 1, 1, 3, 1, 1, 1, 1, 1] | mean=1.1 | max=3
    Trace   7: ranks=[1, 1, 1, 1, 1, 1, 1, 1, 4, 1, 1, 1, 1, 1] | mean=1.2 | max=4
    Trace   8: ranks=[1, 1, 1, 1, 1, 1, 1, 1, 1, 1, 1, 1, 1, 1] | mean=1.0 | ALL TOP-1
    >>> ALL BYTES RECOVERED at trace 8!

  Experiment 2:
    Trace   1: ranks=[3, 26, 17, 10, 4, 11, 18, 27, 10, 7, 4, 30, 14, 5] | mean=13.3 | max=30
    Trace   2: ranks=[2, 12, 11, 4, 5, 8, 10, 10, 2, 19, 3, 2, 13, 4] | mean=7.5 | max=19
    Trace   3: ranks=[1, 4, 6, 2, 2, 4, 1, 6, 1, 4, 1, 1, 1, 2] | mean=2.6 | max=6
    Trace   4: ranks=[2, 3, 5, 2, 1, 4, 1, 4, 1, 6, 1, 1, 2, 2] | mean=2.5 | max=6
    Trace   5: ranks=[1, 1, 2, 1, 1, 3, 1, 2, 1, 1, 1, 1, 1, 2] | mean=1.4 | max=3
    Trace   6: ranks=[1, 1, 3, 1, 1, 1, 1, 2, 1, 1, 1, 1, 1, 1] | mean=1.2 | max=3
    Trace   7: ranks=[1, 1, 1, 1, 1, 1, 1, 1, 1, 1, 1, 1, 1, 1] | mean=1.0 | ALL TOP-1
    >>> ALL BYTES RECOVERED at trace 7!

  Experiment 3:
    Trace   1: ranks=[6, 5, 8, 4, 6, 15, 5, 21, 4, 11, 4, 2, 7, 2] | mean=7.1 | max=21
    Trace   2: ranks=[1, 1, 1, 2, 3, 3, 2, 1, 3, 6, 1, 1, 1, 1] | mean=1.9 | max=6
    Trace   3: ranks=[1, 1, 1, 2, 2, 1, 2, 1, 1, 2, 1, 1, 1, 1] | mean=1.3 | max=2
    Trace   4: ranks=[1, 1, 1, 2, 1, 1, 2, 1, 1, 1, 1, 1, 1, 1] | mean=1.1 | max=2
    Trace   5: ranks=[1, 1, 1, 1, 1, 1, 1, 1, 1, 1, 1, 1, 1, 1] | mean=1.0 | ALL TOP-1
    >>> ALL BYTES RECOVERED at trace 5!

  Experiment 4:
    Trace   1: ranks=[19, 26, 9, 13, 5, 26, 27, 5, 5, 10, 32, 5, 3, 5] | mean=13.6 | max=32
    Trace   2: ranks=[7, 5, 1, 4, 1, 9, 9, 4, 2, 3, 5, 4, 1, 3] | mean=4.1 | max=9
    Trace   3: ranks=[2, 7, 1, 3, 4, 9, 12, 4, 4, 4, 4, 6, 1, 2] | mean=4.5 | max=12
    Trace   4: ranks=[1, 2, 1, 1, 1, 7, 6, 1, 4, 2, 4, 3, 1, 2] | mean=2.6 | max=7
    Trace   5: ranks=[1, 1, 1, 1, 1, 3, 5, 1, 2, 2, 1, 2, 1, 1] | mean=1.6 | max=5
    Trace   6: ranks=[1, 1, 1, 1, 1, 2, 1, 1, 1, 2, 1, 1, 1, 1] | mean=1.1 | max=2
    Trace   7: ranks=[1, 1, 1, 1, 1, 1, 1, 1, 1, 1, 1, 1, 1, 1] | mean=1.0 | ALL TOP-1
    >>> ALL BYTES RECOVERED at trace 7!
Detailed attack completed at Thu Mar 19 09:37:36 AM IST 2026
