Job running on ece-ugproj2
Date: Thu Mar 19 09:38:12 AM IST 2026
Python: /home/projects/sipl-prj10622/conda/envs/dlsca_scaaml/bin/python
Detailed attack started at Thu Mar 19 09:38:12 AM IST 2026
Loaded 10000 attack traces, length 250000
Loading model /home/projects/sipl-prj10622/ASCAD/ASCAD_r/models/basic_MTL_hard_sharing_resnet_all.weights.h5

True key: [0, 17, 34, 51, 68, 85, 102, 119, 136, 153, 170, 187, 204, 221, 238, 255]

=== Per-byte rank statistics (single-trace) ===
  Byte     Mean   Median   Top-1%   Top-3%   Top-5%  Top-10%  Top-20%
     2      8.2      5.0     18.1     40.2     54.8     75.4     90.4
     3      8.0      5.0     16.8     39.9     54.0     74.3     91.3
     4      7.0      4.0     21.0     45.4     60.0     79.6     93.3
     5      6.0      4.0     22.6     49.1     64.5     83.9     95.6
     6      9.2      5.0     17.0     38.8     52.5     71.6     88.4
     7     10.2      6.0     14.9     34.8     47.9     67.9     86.0
     8      7.4      4.0     20.3     44.0     58.7     78.2     92.7
     9      7.9      5.0     17.8     40.2     54.8     74.9     91.4
    10      7.0      4.0     22.6     46.1     60.8     80.0     93.6
    11      8.2      5.0     17.9     39.2     53.9     75.2     91.0
    12      7.5      4.0     21.0     44.9     59.2     77.9     92.3
    13      7.2      4.0     20.3     44.7     59.1     78.2     92.8
    14      7.5      4.0     22.7     45.2     60.0     77.5     91.6
    15      4.2      2.0     36.5     64.8     77.7     90.8     97.8

  Overall mean rank: 7.5
  All bytes top-1 on same trace: 0.00%

=== Cumulative log-probability attack ===

  Experiment 0:
    Trace   1: ranks=[16, 2, 3, 13, 15, 11, 5, 9, 6, 1, 2, 1, 2, 1] | mean=6.2 | max=16
    Trace   2: ranks=[12, 2, 3, 3, 14, 3, 1, 6, 2, 1, 1, 1, 2, 1] | mean=3.7 | max=14
    Trace   3: ranks=[4, 2, 3, 1, 7, 1, 2, 1, 2, 1, 1, 1, 2, 1] | mean=2.1 | max=7
    Trace   4: ranks=[2, 1, 2, 2, 7, 1, 3, 1, 1, 1, 1, 1, 1, 1] | mean=1.8 | max=7
    Trace   5: ranks=[1, 1, 2, 1, 1, 2, 3, 1, 1, 1, 1, 1, 1, 1] | mean=1.3 | max=3
    Trace   6: ranks=[1, 1, 2, 2, 1, 2, 3, 1, 1, 1, 1, 1, 1, 1] | mean=1.4 | max=3
    Trace   7: ranks=[1, 1, 2, 1, 1, 2, 3, 1, 1, 1, 1, 1, 1, 1] | mean=1.3 | max=3
    Trace   8: ranks=[1, 1, 1, 1, 1, 2, 3, 1, 1, 1, 1, 1, 1, 1] | mean=1.2 | max=3
    Trace   9: ranks=[1, 1, 2, 1, 1, 2, 2, 1, 1, 1, 1, 1, 1, 1] | mean=1.2 | max=2
    Trace  10: ranks=[1, 1, 2, 1, 1, 2, 2, 1, 1, 1, 1, 1, 1, 1] | mean=1.2 | max=2
    Trace  11: ranks=[1, 1, 1, 1, 1, 2, 3, 1, 1, 1, 1, 1, 1, 1] | mean=1.2 | max=3
    Trace  12: ranks=[1, 1, 1, 1, 1, 1, 3, 1, 1, 1, 1, 1, 1, 1] | mean=1.1 | max=3
    Trace  13: ranks=[1, 1, 1, 1, 1, 1, 2, 1, 1, 1, 1, 1, 1, 1] | mean=1.1 | max=2
    Trace  14: ranks=[1, 1, 1, 1, 1, 1, 1, 1, 1, 1, 1, 1, 1, 1] | mean=1.0 | ALL TOP-1
    >>> ALL BYTES RECOVERED at trace 14!

  Experiment 1:
    Trace   1: ranks=[2, 1, 1, 1, 1, 20, 1, 8, 6, 1, 1, 1, 5, 3] | mean=3.7 | max=20
    Trace   2: ranks=[1, 1, 1, 1, 1, 2, 1, 10, 5, 1, 1, 1, 3, 2] | mean=2.2 | max=10
    Trace   3: ranks=[1, 1, 1, 1, 1, 1, 1, 1, 4, 1, 1, 1, 1, 2] | mean=1.3 | max=4
    Trace   4: ranks=[1, 1, 1, 1, 1, 1, 1, 1, 5, 1, 1, 2, 1, 1] | mean=1.4 | max=5
    Trace   5: ranks=[1, 1, 1, 1, 1, 1, 1, 1, 6, 1, 1, 1, 1, 1] | mean=1.4 | max=6
    Trace   6: ranks=[1, 1, 1, 1, 1, 1, 1, 1, 6, 1, 1, 1, 1, 1] | mean=1.4 | max=6
    Trace   7: ranks=[1, 1, 1, 1, 1, 1, 1, 1, 5, 1, 1, 1, 1, 1] | mean=1.3 | max=5
    Trace   8: ranks=[1, 1, 1, 1, 1, 1, 1, 1, 6, 1, 1, 1, 1, 1] | mean=1.4 | max=6
    Trace   9: ranks=[1, 1, 1, 1, 1, 1, 1, 1, 6, 1, 1, 1, 1, 1] | mean=1.4 | max=6
    Trace  10: ranks=[1, 1, 1, 1, 1, 1, 1, 1, 3, 1, 1, 1, 1, 1] | mean=1.1 | max=3
    Trace  11: ranks=[1, 1, 1, 1, 1, 1, 1, 1, 3, 1, 1, 1, 1, 1] | mean=1.1 | max=3
    Trace  12: ranks=[1, 1, 1, 1, 1, 1, 1, 1, 3, 1, 1, 1, 1, 1] | mean=1.1 | max=3
    Trace  13: ranks=[1, 1, 1, 1, 1, 1, 1, 1, 3, 1, 1, 1, 1, 1] | mean=1.1 | max=3
    Trace  14: ranks=[1, 1, 1, 1, 1, 1, 1, 1, 2, 1, 1, 1, 1, 1] | mean=1.1 | max=2
    Trace  15: ranks=[1, 1, 1, 1, 1, 1, 1, 1, 1, 1, 1, 1, 1, 1] | mean=1.0 | ALL TOP-1
    >>> ALL BYTES RECOVERED at trace 15!

  Experiment 2:
    Trace   1: ranks=[3, 11, 10, 32, 3, 33, 14, 15, 7, 4, 4, 20, 21, 8] | mean=13.2 | max=33
    Trace   2: ranks=[1, 10, 4, 15, 1, 15, 14, 1, 1, 4, 1, 3, 8, 1] | mean=5.6 | max=15
    Trace   3: ranks=[1, 7, 3, 5, 1, 3, 4, 1, 1, 1, 1, 2, 2, 1] | mean=2.4 | max=7
    Trace   4: ranks=[1, 4, 3, 5, 2, 2, 4, 1, 1, 1, 1, 2, 3, 1] | mean=2.2 | max=5
    Trace   5: ranks=[1, 4, 1, 1, 1, 1, 1, 1, 2, 1, 3, 1, 2, 1] | mean=1.5 | max=4
    Trace   6: ranks=[1, 4, 1, 1, 2, 1, 1, 1, 1, 1, 2, 1, 2, 1] | mean=1.4 | max=4
    Trace   7: ranks=[1, 4, 1, 1, 2, 1, 1, 1, 2, 1, 2, 1, 2, 1] | mean=1.5 | max=4
    Trace   8: ranks=[1, 4, 1, 1, 3, 1, 1, 1, 1, 1, 1, 1, 2, 1] | mean=1.4 | max=4
    Trace   9: ranks=[1, 4, 1, 1, 2, 1, 1, 1, 1, 1, 1, 1, 2, 1] | mean=1.4 | max=4
    Trace  10: ranks=[1, 2, 1, 1, 2, 1, 1, 1, 1, 2, 1, 1, 2, 1] | mean=1.3 | max=2
    Trace  11: ranks=[1, 2, 2, 1, 2, 1, 1, 1, 1, 1, 1, 1, 2, 1] | mean=1.3 | max=2
    Trace  12: ranks=[1, 2, 1, 1, 2, 1, 1, 1, 1, 1, 1, 1, 1, 1] | mean=1.1 | max=2
    Trace  13: ranks=[1, 2, 1, 1, 2, 1, 1, 1, 1, 1, 1, 1, 1, 1] | mean=1.1 | max=2
    Trace  14: ranks=[1, 1, 1, 1, 2, 1, 1, 1, 1, 1, 1, 1, 1, 1] | mean=1.1 | max=2
    Trace  15: ranks=[1, 1, 1, 1, 2, 1, 1, 1, 1, 1, 1, 1, 1, 1] | mean=1.1 | max=2
    Trace  16: ranks=[1, 1, 1, 1, 1, 1, 1, 1, 1, 1, 1, 1, 1, 1] | mean=1.0 | ALL TOP-1
    >>> ALL BYTES RECOVERED at trace 16!

  Experiment 3:
    Trace   1: ranks=[10, 5, 4, 5, 12, 3, 1, 1, 1, 1, 3, 3, 5, 2] | mean=4.0 | max=12
    Trace   2: ranks=[2, 2, 3, 1, 2, 4, 6, 1, 1, 3, 2, 1, 1, 1] | mean=2.1 | max=6
    Trace   3: ranks=[1, 2, 2, 1, 1, 1, 3, 1, 1, 2, 2, 1, 1, 1] | mean=1.4 | max=3
    Trace   4: ranks=[1, 2, 1, 1, 1, 1, 2, 1, 1, 2, 2, 1, 1, 1] | mean=1.3 | max=2
    Trace   5: ranks=[1, 3, 1, 1, 1, 1, 1, 1, 1, 1, 2, 1, 1, 1] | mean=1.2 | max=3
    Trace   6: ranks=[1, 3, 1, 1, 1, 1, 1, 1, 1, 1, 2, 1, 1, 1] | mean=1.2 | max=3
    Trace   7: ranks=[1, 1, 1, 1, 1, 1, 1, 1, 1, 1, 1, 1, 1, 1] | mean=1.0 | ALL TOP-1
    >>> ALL BYTES RECOVERED at trace 7!

  Experiment 4:
    Trace   1: ranks=[7, 7, 11, 10, 1, 27, 19, 10, 3, 1, 41, 4, 3, 2] | mean=10.4 | max=41
    Trace   2: ranks=[2, 12, 2, 5, 2, 11, 2, 5, 2, 2, 3, 1, 1, 1] | mean=3.6 | max=12
    Trace   3: ranks=[1, 5, 4, 2, 3, 9, 1, 7, 2, 4, 3, 1, 1, 1] | mean=3.1 | max=9
    Trace   4: ranks=[1, 5, 1, 2, 1, 8, 2, 2, 2, 4, 1, 1, 1, 1] | mean=2.3 | max=8
    Trace   5: ranks=[1, 5, 1, 1, 1, 5, 1, 2, 1, 4, 1, 1, 1, 1] | mean=1.9 | max=5
    Trace   6: ranks=[1, 3, 1, 1, 1, 1, 1, 2, 1, 3, 1, 1, 1, 1] | mean=1.4 | max=3
    Trace   7: ranks=[1, 2, 1, 1, 1, 2, 1, 2, 1, 3, 1, 1, 1, 1] | mean=1.4 | max=3
    Trace   8: ranks=[1, 2, 1, 1, 1, 1, 2, 2, 1, 3, 1, 1, 1, 1] | mean=1.4 | max=3
    Trace   9: ranks=[1, 2, 1, 1, 1, 1, 1, 2, 1, 3, 1, 1, 1, 1] | mean=1.3 | max=3
    Trace  10: ranks=[1, 2, 1, 1, 1, 1, 1, 2, 1, 3, 1, 1, 1, 1] | mean=1.3 | max=3
    Trace  11: ranks=[1, 1, 1, 1, 1, 1, 1, 1, 1, 3, 1, 1, 1, 1] | mean=1.1 | max=3
    Trace  12: ranks=[1, 1, 1, 1, 1, 1, 1, 1, 1, 3, 1, 1, 1, 1] | mean=1.1 | max=3
    Trace  13: ranks=[1, 1, 1, 1, 1, 1, 1, 1, 1, 2, 1, 1, 1, 1] | mean=1.1 | max=2
    Trace  14: ranks=[1, 1, 1, 1, 1, 1, 1, 1, 1, 2, 1, 1, 1, 1] | mean=1.1 | max=2
    Trace  15: ranks=[1, 1, 1, 1, 1, 1, 1, 1, 1, 2, 1, 1, 1, 1] | mean=1.1 | max=2
    Trace  16: ranks=[1, 1, 1, 1, 1, 1, 1, 1, 1, 2, 1, 1, 1, 1] | mean=1.1 | max=2
    Trace  17: ranks=[1, 2, 1, 1, 1, 1, 1, 1, 1, 2, 1, 1, 1, 1] | mean=1.1 | max=2
    Trace  18: ranks=[1, 1, 1, 1, 1, 1, 1, 1, 1, 1, 1, 1, 1, 1] | mean=1.0 | ALL TOP-1
    >>> ALL BYTES RECOVERED at trace 18!
Detailed attack completed at Thu Mar 19 09:38:56 AM IST 2026
