Job running on ece-ugproj2 | Thu Mar 19 09:52:57 AM IST 2026
Thu Mar 19 09:52:57 AM IST 2026 === DA Exp A: bv2_r64_A ===
Loaded 10000 attack traces, length 250000
Loading weights: /home/projects/sipl-prj10622/ASCAD/ASCAD_r/models/bv2_r64_A_best.weights.h5

True key (fixed): [0, 17, 34, 51, 68, 85, 102, 119, 136, 153, 170, 187, 204, 221, 238, 255]

=== Per-byte rank statistics (single-trace) ===
  Byte     Mean   Median   Top-1%   Top-3%   Top-5%  Top-10%  Top-20%
     2    129.8    130.0      0.4      1.2      2.0      4.0      8.0
     3    127.9    128.0      0.4      1.2      2.0      3.7      7.6
     4    127.6    127.0      0.4      1.2      1.8      3.6      7.4
     5    126.7    126.0      0.4      1.1      1.9      4.1      8.2
     6    128.4    128.0      0.4      1.2      1.9      3.8      7.6
     7    128.5    129.0      0.6      1.4      2.1      3.9      7.7
     8    129.3    129.0      0.3      1.2      2.0      4.0      7.7
     9    127.6    128.0      0.4      1.0      1.7      3.7      7.9
    10    128.7    129.5      0.4      1.0      1.7      3.6      7.3
    11    126.8    125.0      0.5      1.3      1.9      4.1      8.3
    12    128.6    130.0      0.4      1.4      2.1      4.2      8.4
    13    127.4    127.0      0.3      1.1      1.9      4.0      8.3
    14    130.3    131.0      0.3      1.1      1.9      3.7      7.4
    15    126.6    126.0      0.4      1.2      2.0      3.9      7.8

  Overall mean rank: 128.2
  All bytes top-1 on same trace: 0.00%

=== Cumulative log-probability attack ===

  Experiment 0:
    Trace   1: ranks=[220, 188, 173, 151, 87, 225, 101, 173, 15, 160, 51, 108, 140, 20] | mean=129.4 | max=225
    Trace   2: ranks=[213, 197, 247, 138, 165, 160, 234, 169, 42, 95, 117, 63, 117, 36] | mean=142.4 | max=247
    Trace   3: ranks=[212, 152, 247, 131, 218, 201, 141, 162, 128, 104, 129, 57, 147, 107] | mean=152.6 | max=247
    Trace   4: ranks=[213, 76, 246, 32, 213, 147, 223, 126, 131, 116, 83, 17, 170, 143] | mean=138.3 | max=246
    Trace   5: ranks=[124, 82, 231, 117, 197, 152, 232, 113, 145, 59, 105, 90, 97, 143] | mean=134.8 | max=232
    Trace   6: ranks=[92, 134, 186, 93, 170, 143, 211, 47, 94, 91, 147, 42, 141, 206] | mean=128.4 | max=211
    Trace   7: ranks=[154, 108, 197, 129, 162, 98, 197, 69, 111, 193, 139, 67, 167, 233] | mean=144.6 | max=233
    Trace   8: ranks=[148, 115, 136, 94, 156, 72, 223, 90, 141, 215, 154, 44, 164, 217] | mean=140.6 | max=223
    Trace   9: ranks=[150, 80, 174, 77, 139, 66, 214, 130, 182, 157, 148, 42, 171, 191] | mean=137.2 | max=214
    Trace  10: ranks=[182, 74, 175, 55, 194, 40, 236, 96, 175, 161, 138, 45, 170, 166] | mean=136.2 | max=236
    Trace  11: ranks=[215, 80, 183, 46, 170, 29, 234, 84, 170, 164, 170, 35, 99, 110] | mean=127.8 | max=234
    Trace  12: ranks=[208, 172, 164, 43, 191, 25, 228, 103, 193, 142, 228, 36, 140, 53] | mean=137.6 | max=228
    Trace  13: ranks=[209, 168, 165, 29, 173, 34, 200, 50, 195, 102, 221, 24, 161, 112] | mean=131.6 | max=221
    Trace  14: ranks=[208, 151, 149, 40, 140, 43, 205, 37, 179, 89, 229, 24, 153, 68] | mean=122.5 | max=229
    Trace  15: ranks=[192, 162, 134, 26, 172, 49, 173, 44, 185, 52, 238, 27, 98, 65] | mean=115.5 | max=238
    Trace  16: ranks=[211, 136, 113, 35, 195, 50, 166, 39, 202, 26, 235, 40, 79, 75] | mean=114.4 | max=235
    Trace  17: ranks=[196, 128, 115, 39, 179, 58, 146, 32, 170, 46, 222, 39, 71, 45] | mean=106.1 | max=222
    Trace  18: ranks=[186, 129, 154, 40, 134, 86, 135, 48, 178, 57, 210, 48, 75, 50] | mean=109.3 | max=210
    Trace  19: ranks=[179, 108, 111, 35, 142, 108, 97, 55, 198, 44, 220, 72, 54, 25] | mean=103.4 | max=220
    Trace  20: ranks=[149, 103, 103, 35, 138, 120, 79, 53, 201, 51, 225, 107, 56, 41] | mean=104.4 | max=225

  Experiment 1:
    Trace   1: ranks=[56, 58, 67, 246, 146, 244, 125, 56, 7, 149, 190, 40, 71, 3] | mean=104.1 | max=246
    Trace   2: ranks=[126, 140, 105, 216, 184, 233, 76, 169, 49, 201, 63, 70, 14, 48] | mean=121.0 | max=233
    Trace   3: ranks=[246, 108, 129, 233, 124, 248, 62, 91, 28, 203, 12, 55, 23, 77] | mean=117.1 | max=248
    Trace   4: ranks=[215, 108, 175, 215, 50, 226, 26, 35, 31, 176, 6, 10, 26, 33] | mean=95.1 | max=226
    Trace   5: ranks=[175, 119, 79, 161, 34, 196, 28, 44, 43, 186, 13, 22, 54, 40] | mean=85.3 | max=196
    Trace   6: ranks=[215, 136, 28, 170, 38, 175, 104, 36, 45, 150, 34, 47, 61, 84] | mean=94.5 | max=215
    Trace   7: ranks=[220, 110, 42, 207, 16, 211, 95, 33, 16, 182, 35, 79, 53, 62] | mean=97.2 | max=220
    Trace   8: ranks=[160, 121, 36, 200, 28, 151, 39, 44, 30, 189, 14, 57, 31, 83] | mean=84.5 | max=200
    Trace   9: ranks=[171, 164, 31, 203, 41, 160, 43, 56, 19, 215, 16, 73, 68, 52] | mean=93.7 | max=215
    Trace  10: ranks=[162, 128, 26, 240, 62, 183, 35, 46, 26, 219, 12, 120, 107, 35] | mean=100.1 | max=240
    Trace  11: ranks=[185, 143, 48, 251, 43, 193, 106, 62, 16, 200, 17, 130, 97, 41] | mean=109.4 | max=251
    Trace  12: ranks=[204, 158, 24, 251, 53, 180, 163, 58, 23, 200, 18, 156, 128, 59] | mean=119.6 | max=251
    Trace  13: ranks=[183, 131, 22, 256, 38, 198, 139, 77, 14, 191, 8, 152, 132, 95] | mean=116.9 | max=256
    Trace  14: ranks=[188, 138, 21, 255, 33, 187, 143, 109, 19, 199, 2, 157, 109, 81] | mean=117.2 | max=255
    Trace  15: ranks=[184, 167, 9, 256, 35, 178, 168, 118, 46, 178, 7, 131, 103, 121] | mean=121.5 | max=256
    Trace  16: ranks=[201, 181, 18, 252, 23, 174, 172, 97, 61, 150, 8, 116, 118, 81] | mean=118.0 | max=252
    Trace  17: ranks=[201, 179, 27, 250, 11, 210, 160, 89, 51, 153, 6, 114, 140, 66] | mean=118.4 | max=250
    Trace  18: ranks=[182, 185, 14, 246, 12, 197, 143, 86, 33, 167, 6, 160, 156, 82] | mean=119.2 | max=246
    Trace  19: ranks=[163, 225, 11, 252, 7, 188, 159, 68, 47, 153, 15, 139, 155, 62] | mean=117.4 | max=252
    Trace  20: ranks=[131, 238, 13, 246, 12, 211, 190, 54, 60, 152, 18, 121, 152, 35] | mean=116.6 | max=246

  Experiment 2:
    Trace   1: ranks=[80, 132, 167, 85, 77, 153, 232, 132, 186, 190, 2, 235, 253, 85] | mean=143.5 | max=253
    Trace   2: ranks=[13, 17, 162, 151, 103, 122, 209, 68, 210, 113, 82, 169, 254, 169] | mean=131.6 | max=254
    Trace   3: ranks=[83, 6, 230, 137, 165, 95, 202, 46, 192, 33, 57, 221, 244, 61] | mean=126.6 | max=244
    Trace   4: ranks=[57, 31, 227, 144, 174, 119, 234, 72, 177, 99, 22, 189, 253, 158] | mean=139.7 | max=253
    Trace   5: ranks=[70, 33, 226, 145, 133, 171, 208, 57, 252, 130, 11, 242, 256, 147] | mean=148.6 | max=256
    Trace   6: ranks=[57, 48, 158, 178, 147, 181, 203, 74, 241, 187, 3, 214, 255, 181] | mean=151.9 | max=255
    Trace   7: ranks=[77, 47, 124, 132, 128, 196, 181, 111, 230, 165, 1, 197, 252, 185] | mean=144.7 | max=252
    Trace   8: ranks=[41, 34, 90, 141, 109, 165, 204, 94, 242, 170, 6, 169, 252, 108] | mean=130.4 | max=252
    Trace   9: ranks=[62, 32, 73, 201, 110, 173, 187, 140, 256, 118, 18, 127, 247, 99] | mean=131.6 | max=256
    Trace  10: ranks=[51, 26, 58, 224, 119, 177, 213, 137, 255, 151, 20, 126, 244, 105] | mean=136.1 | max=255
    Trace  11: ranks=[67, 52, 93, 236, 122, 177, 219, 116, 256, 162, 26, 62, 242, 113] | mean=138.8 | max=256
    Trace  12: ranks=[65, 40, 104, 232, 152, 172, 189, 151, 256, 111, 29, 55, 241, 97] | mean=135.3 | max=256
    Trace  13: ranks=[30, 25, 97, 242, 108, 178, 181, 183, 256, 126, 29, 67, 239, 90] | mean=132.2 | max=256
    Trace  14: ranks=[25, 42, 99, 232, 99, 165, 166, 194, 255, 97, 20, 65, 248, 68] | mean=126.8 | max=255
    Trace  15: ranks=[28, 53, 101, 222, 96, 186, 210, 194, 255, 136, 26, 53, 232, 38] | mean=130.7 | max=255
    Trace  16: ranks=[39, 59, 99, 228, 104, 188, 231, 180, 256, 148, 18, 65, 231, 39] | mean=134.6 | max=256
    Trace  17: ranks=[67, 68, 70, 203, 93, 162, 227, 208, 256, 133, 22, 64, 220, 32] | mean=130.4 | max=256
    Trace  18: ranks=[56, 83, 85, 212, 117, 186, 202, 178, 256, 151, 71, 45, 227, 37] | mean=136.1 | max=256
    Trace  19: ranks=[42, 101, 82, 205, 115, 198, 192, 180, 256, 178, 135, 39, 242, 37] | mean=143.0 | max=256
    Trace  20: ranks=[52, 107, 97, 213, 78, 184, 184, 140, 256, 181, 130, 28, 241, 24] | mean=136.8 | max=256

  Experiment 3:
    Trace   1: ranks=[117, 55, 162, 125, 211, 88, 35, 214, 158, 6, 99, 66, 151, 90] | mean=112.6 | max=214
    Trace   2: ranks=[57, 10, 184, 42, 98, 95, 9, 224, 161, 33, 133, 97, 213, 138] | mean=106.7 | max=224
    Trace   3: ranks=[23, 110, 160, 41, 75, 130, 6, 188, 139, 35, 138, 64, 204, 41] | mean=96.7 | max=204
    Trace   4: ranks=[11, 100, 197, 8, 77, 195, 44, 164, 85, 129, 166, 100, 190, 12] | mean=105.6 | max=197
    Trace   5: ranks=[7, 107, 209, 11, 97, 223, 94, 106, 51, 52, 164, 103, 216, 21] | mean=104.4 | max=223
    Trace   6: ranks=[2, 143, 137, 8, 96, 179, 62, 107, 67, 96, 87, 98, 198, 20] | mean=92.9 | max=198
    Trace   7: ranks=[18, 154, 81, 12, 84, 216, 65, 80, 116, 149, 84, 99, 153, 47] | mean=97.0 | max=216
    Trace   8: ranks=[12, 166, 56, 7, 83, 190, 53, 55, 145, 152, 124, 79, 119, 53] | mean=92.4 | max=190
    Trace   9: ranks=[45, 154, 31, 19, 89, 150, 36, 44, 126, 146, 75, 134, 87, 87] | mean=87.4 | max=154
    Trace  10: ranks=[70, 215, 48, 34, 74, 106, 43, 30, 86, 150, 87, 95, 110, 67] | mean=86.8 | max=215
    Trace  11: ranks=[63, 214, 50, 51, 37, 144, 77, 32, 97, 167, 81, 98, 85, 75] | mean=90.8 | max=214
    Trace  12: ranks=[137, 202, 36, 40, 53, 85, 116, 39, 156, 197, 112, 77, 85, 100] | mean=102.5 | max=202
    Trace  13: ranks=[100, 204, 35, 14, 80, 127, 144, 38, 163, 195, 85, 70, 59, 57] | mean=97.9 | max=204
    Trace  14: ranks=[67, 205, 34, 5, 96, 113, 161, 17, 171, 221, 69, 91, 51, 82] | mean=98.8 | max=221
    Trace  15: ranks=[78, 185, 30, 17, 100, 147, 165, 9, 159, 234, 61, 60, 56, 123] | mean=101.7 | max=234
    Trace  16: ranks=[73, 199, 32, 25, 116, 123, 120, 16, 200, 240, 39, 45, 59, 119] | mean=100.4 | max=240
    Trace  17: ranks=[104, 237, 35, 40, 124, 118, 151, 14, 164, 222, 53, 47, 52, 102] | mean=104.5 | max=237
    Trace  18: ranks=[136, 235, 24, 24, 126, 145, 167, 8, 116, 208, 44, 84, 70, 113] | mean=107.1 | max=235
    Trace  19: ranks=[171, 226, 40, 34, 125, 177, 184, 11, 106, 205, 40, 103, 65, 94] | mean=112.9 | max=226
    Trace  20: ranks=[184, 217, 23, 64, 114, 156, 191, 22, 98, 168, 38, 135, 56, 119] | mean=113.2 | max=217

  Experiment 4:
    Trace   1: ranks=[139, 218, 160, 44, 78, 251, 194, 213, 29, 254, 17, 120, 78, 30] | mean=130.4 | max=254
    Trace   2: ranks=[248, 82, 76, 15, 83, 220, 168, 164, 201, 255, 19, 98, 68, 11] | mean=122.0 | max=255
    Trace   3: ranks=[225, 40, 98, 18, 116, 179, 202, 170, 125, 250, 34, 114, 51, 11] | mean=116.6 | max=250
    Trace   4: ranks=[220, 33, 128, 39, 61, 123, 164, 162, 95, 242, 41, 133, 41, 17] | mean=107.1 | max=242
    Trace   5: ranks=[219, 45, 198, 41, 119, 98, 109, 166, 60, 250, 12, 156, 73, 12] | mean=111.3 | max=250
    Trace   6: ranks=[193, 44, 216, 29, 83, 33, 73, 149, 113, 209, 22, 220, 64, 11] | mean=104.2 | max=220
    Trace   7: ranks=[226, 40, 185, 53, 128, 13, 63, 153, 78, 199, 19, 205, 141, 30] | mean=109.5 | max=226
    Trace   8: ranks=[227, 6, 150, 23, 126, 17, 111, 182, 79, 239, 35, 227, 127, 39] | mean=113.4 | max=239
    Trace   9: ranks=[216, 6, 173, 6, 177, 10, 67, 149, 86, 247, 35, 201, 128, 27] | mean=109.1 | max=247
    Trace  10: ranks=[216, 6, 155, 15, 198, 29, 58, 193, 113, 249, 59, 177, 156, 7] | mean=116.5 | max=249
    Trace  11: ranks=[178, 19, 150, 12, 183, 17, 27, 154, 94, 253, 49, 132, 192, 10] | mean=105.0 | max=253
    Trace  12: ranks=[159, 5, 180, 5, 161, 15, 28, 145, 78, 241, 44, 142, 209, 23] | mean=102.5 | max=241
    Trace  13: ranks=[148, 2, 141, 5, 192, 9, 62, 147, 128, 249, 76, 161, 232, 13] | mean=111.8 | max=249
    Trace  14: ranks=[176, 3, 121, 14, 191, 5, 83, 169, 123, 253, 59, 174, 236, 12] | mean=115.6 | max=253
    Trace  15: ranks=[153, 5, 125, 7, 183, 2, 78, 160, 166, 247, 93, 206, 236, 2] | mean=118.8 | max=247
    Trace  16: ranks=[137, 9, 126, 20, 189, 7, 42, 156, 174, 240, 57, 210, 247, 1] | mean=115.4 | max=247
    Trace  17: ranks=[136, 11, 111, 31, 166, 28, 52, 114, 186, 236, 38, 208, 247, 1] | mean=111.8 | max=247
    Trace  18: ranks=[114, 6, 110, 57, 149, 9, 63, 116, 168, 248, 33, 207, 249, 4] | mean=109.5 | max=249
    Trace  19: ranks=[84, 5, 130, 82, 152, 20, 47, 125, 139, 237, 69, 212, 244, 5] | mean=110.8 | max=244
    Trace  20: ranks=[72, 2, 127, 89, 172, 13, 48, 95, 134, 225, 48, 233, 247, 3] | mean=107.7 | max=247
Thu Mar 19 09:55:15 AM IST 2026 === DA Exp B: bv2_skip_B ===
Loaded 10000 attack traces, length 250000
Loading weights: /home/projects/sipl-prj10622/ASCAD/ASCAD_r/models/bv2_skip_B_best.weights.h5

True key (fixed): [0, 17, 34, 51, 68, 85, 102, 119, 136, 153, 170, 187, 204, 221, 238, 255]

=== Per-byte rank statistics (single-trace) ===
  Byte     Mean   Median   Top-1%   Top-3%   Top-5%  Top-10%  Top-20%
     2    129.1    130.0      0.4      1.1      1.9      3.8      8.0
     3    127.4    127.0      0.3      1.1      2.0      4.0      8.1
     4    127.4    127.0      0.4      1.2      2.0      3.9      8.0
     5    127.3    127.0      0.3      1.1      2.0      4.0      7.8
     6    128.8    127.5      0.4      1.3      2.1      4.0      7.7
     7    129.7    131.0      0.5      1.2      2.1      3.9      7.8
     8    128.9    128.0      0.4      1.1      2.0      3.7      7.7
     9    129.0    129.0      0.4      1.0      1.9      3.8      7.5
    10    127.7    127.0      0.3      1.1      1.7      3.5      7.5
    11    126.4    125.0      0.5      1.3      2.2      4.5      8.6
    12    127.7    126.0      0.4      1.4      2.2      3.9      7.4
    13    127.9    128.0      0.4      1.3      2.1      4.0      8.1
    14    130.3    131.0      0.3      1.0      1.8      3.6      7.4
    15    129.0    129.0      0.4      1.2      1.9      3.8      7.8

  Overall mean rank: 128.3
  All bytes top-1 on same trace: 0.00%

=== Cumulative log-probability attack ===

  Experiment 0:
    Trace   1: ranks=[146, 207, 122, 55, 82, 170, 90, 68, 51, 41, 58, 9, 88, 5] | mean=85.1 | max=207
    Trace   2: ranks=[164, 199, 217, 52, 55, 83, 185, 72, 112, 70, 51, 23, 150, 10] | mean=103.1 | max=217
    Trace   3: ranks=[114, 105, 230, 116, 105, 78, 32, 180, 209, 33, 65, 38, 174, 35] | mean=108.1 | max=230
    Trace   4: ranks=[114, 79, 168, 61, 67, 49, 61, 155, 229, 32, 74, 2, 195, 37] | mean=94.5 | max=229
    Trace   5: ranks=[32, 60, 189, 104, 40, 75, 40, 154, 225, 35, 53, 45, 147, 48] | mean=89.1 | max=225
    Trace   6: ranks=[21, 73, 193, 99, 47, 105, 15, 148, 204, 46, 63, 31, 219, 86] | mean=96.4 | max=219
    Trace   7: ranks=[38, 86, 222, 105, 31, 83, 3, 184, 210, 93, 86, 21, 231, 177] | mean=112.1 | max=231
    Trace   8: ranks=[29, 75, 198, 62, 20, 44, 6, 209, 221, 130, 113, 20, 234, 199] | mean=111.4 | max=234
    Trace   9: ranks=[24, 45, 200, 57, 23, 33, 7, 225, 220, 150, 149, 13, 241, 179] | mean=111.9 | max=241
    Trace  10: ranks=[60, 47, 192, 22, 53, 30, 5, 227, 210, 147, 114, 9, 237, 186] | mean=109.9 | max=237
    Trace  11: ranks=[98, 39, 189, 23, 43, 28, 9, 209, 189, 123, 136, 11, 221, 153] | mean=105.1 | max=221
    Trace  12: ranks=[146, 99, 169, 25, 52, 18, 4, 220, 220, 66, 201, 14, 227, 134] | mean=113.9 | max=227
    Trace  13: ranks=[172, 62, 191, 35, 32, 19, 1, 180, 206, 71, 197, 4, 220, 193] | mean=113.1 | max=220
    Trace  14: ranks=[155, 66, 183, 55, 23, 15, 3, 157, 182, 55, 216, 5, 227, 175] | mean=108.4 | max=227
    Trace  15: ranks=[156, 73, 161, 42, 32, 18, 1, 166, 198, 41, 234, 5, 199, 204] | mean=109.3 | max=234
    Trace  16: ranks=[176, 59, 139, 56, 40, 15, 1, 163, 197, 24, 226, 4, 194, 194] | mean=106.3 | max=226
    Trace  17: ranks=[163, 62, 138, 50, 33, 16, 1, 130, 186, 40, 232, 8, 201, 167] | mean=101.9 | max=232
    Trace  18: ranks=[138, 71, 153, 38, 23, 30, 2, 132, 188, 75, 232, 13, 205, 155] | mean=103.9 | max=232
    Trace  19: ranks=[105, 84, 117, 38, 30, 52, 1, 119, 201, 82, 233, 20, 184, 123] | mean=99.2 | max=233
    Trace  20: ranks=[86, 98, 128, 37, 41, 51, 1, 112, 202, 95, 234, 16, 188, 168] | mean=104.1 | max=234

  Experiment 1:
    Trace   1: ranks=[93, 81, 118, 232, 231, 166, 92, 126, 26, 94, 211, 31, 120, 85] | mean=121.9 | max=232
    Trace   2: ranks=[193, 228, 178, 248, 206, 141, 129, 147, 27, 205, 102, 13, 102, 139] | mean=147.0 | max=248
    Trace   3: ranks=[253, 217, 206, 231, 192, 153, 99, 103, 32, 207, 154, 8, 61, 204] | mean=151.4 | max=253
    Trace   4: ranks=[240, 232, 195, 212, 134, 118, 107, 28, 59, 201, 72, 2, 17, 114] | mean=123.6 | max=240
    Trace   5: ranks=[200, 251, 177, 183, 134, 99, 116, 18, 61, 116, 116, 4, 58, 136] | mean=119.2 | max=251
    Trace   6: ranks=[186, 253, 81, 139, 141, 98, 165, 36, 57, 95, 160, 12, 89, 150] | mean=118.7 | max=253
    Trace   7: ranks=[199, 247, 109, 138, 91, 111, 188, 26, 36, 168, 147, 18, 57, 138] | mean=119.5 | max=247
    Trace   8: ranks=[115, 230, 129, 159, 79, 70, 153, 36, 65, 191, 99, 10, 33, 144] | mean=108.1 | max=230
    Trace   9: ranks=[158, 245, 157, 181, 68, 66, 198, 33, 60, 184, 125, 16, 59, 134] | mean=120.3 | max=245
    Trace  10: ranks=[148, 245, 146, 222, 86, 84, 188, 37, 75, 201, 102, 35, 86, 110] | mean=126.1 | max=245
    Trace  11: ranks=[150, 250, 184, 246, 46, 89, 231, 39, 82, 228, 115, 19, 79, 115] | mean=133.8 | max=250
    Trace  12: ranks=[172, 248, 140, 246, 57, 90, 220, 26, 66, 194, 137, 17, 96, 97] | mean=129.0 | max=248
    Trace  13: ranks=[115, 246, 134, 254, 38, 120, 201, 29, 81, 192, 91, 36, 102, 113] | mean=125.1 | max=254
    Trace  14: ranks=[89, 239, 140, 253, 27, 134, 216, 56, 81, 219, 34, 50, 108, 116] | mean=125.9 | max=253
    Trace  15: ranks=[125, 238, 132, 256, 19, 122, 223, 80, 108, 208, 83, 56, 108, 133] | mean=135.1 | max=256
    Trace  16: ranks=[122, 232, 134, 255, 16, 164, 195, 75, 102, 219, 76, 57, 121, 103] | mean=133.6 | max=255
    Trace  17: ranks=[141, 218, 154, 252, 10, 184, 175, 80, 92, 212, 78, 25, 100, 74] | mean=128.2 | max=252
    Trace  18: ranks=[148, 173, 136, 247, 8, 160, 163, 42, 94, 215, 82, 48, 133, 107] | mean=125.4 | max=247
    Trace  19: ranks=[131, 200, 118, 248, 6, 170, 174, 51, 134, 206, 102, 42, 137, 88] | mean=129.1 | max=248
    Trace  20: ranks=[114, 192, 65, 249, 8, 185, 196, 49, 122, 171, 111, 39, 108, 90] | mean=121.4 | max=249

  Experiment 2:
    Trace   1: ranks=[5, 185, 118, 145, 144, 185, 247, 61, 149, 94, 25, 248, 210, 217] | mean=145.2 | max=248
    Trace   2: ranks=[7, 66, 126, 60, 50, 153, 221, 26, 118, 6, 107, 205, 233, 244] | mean=115.9 | max=244
    Trace   3: ranks=[66, 32, 163, 27, 94, 146, 159, 11, 100, 10, 138, 146, 238, 215] | mean=110.4 | max=238
    Trace   4: ranks=[56, 30, 208, 15, 148, 182, 89, 25, 36, 21, 84, 136, 245, 206] | mean=105.8 | max=245
    Trace   5: ranks=[84, 61, 237, 36, 109, 172, 144, 16, 139, 39, 45, 166, 242, 180] | mean=119.3 | max=242
    Trace   6: ranks=[41, 96, 232, 153, 125, 183, 138, 34, 74, 112, 45, 166, 244, 196] | mean=131.4 | max=244
    Trace   7: ranks=[72, 96, 227, 75, 157, 141, 120, 61, 69, 94, 23, 133, 240, 180] | mean=120.6 | max=240
    Trace   8: ranks=[44, 81, 204, 73, 147, 146, 173, 73, 78, 130, 61, 128, 240, 153] | mean=123.6 | max=240
    Trace   9: ranks=[71, 106, 199, 112, 180, 140, 189, 63, 200, 140, 52, 128, 231, 202] | mean=143.8 | max=231
    Trace  10: ranks=[50, 78, 173, 118, 191, 118, 221, 78, 211, 158, 97, 94, 239, 229] | mean=146.8 | max=239
    Trace  11: ranks=[70, 113, 213, 153, 176, 115, 235, 77, 249, 118, 90, 42, 214, 218] | mean=148.8 | max=249
    Trace  12: ranks=[45, 89, 175, 126, 160, 129, 218, 113, 250, 111, 127, 26, 197, 209] | mean=141.1 | max=250
    Trace  13: ranks=[26, 65, 175, 175, 153, 142, 230, 141, 251, 139, 114, 43, 233, 191] | mean=148.4 | max=251
    Trace  14: ranks=[19, 115, 170, 169, 123, 159, 218, 150, 251, 143, 102, 32, 244, 162] | mean=146.9 | max=251
    Trace  15: ranks=[17, 98, 200, 182, 112, 177, 245, 148, 249, 131, 117, 30, 237, 88] | mean=145.1 | max=249
    Trace  16: ranks=[21, 106, 198, 188, 125, 197, 244, 121, 242, 187, 89, 50, 231, 86] | mean=148.9 | max=244
    Trace  17: ranks=[42, 126, 191, 146, 94, 195, 243, 137, 247, 164, 93, 39, 230, 107] | mean=146.7 | max=247
    Trace  18: ranks=[71, 115, 212, 136, 111, 202, 220, 154, 252, 161, 146, 37, 221, 132] | mean=155.0 | max=252
    Trace  19: ranks=[57, 120, 213, 128, 105, 211, 218, 149, 252, 216, 190, 29, 227, 110] | mean=158.9 | max=252
    Trace  20: ranks=[87, 126, 214, 132, 87, 200, 207, 140, 246, 218, 170, 40, 225, 118] | mean=157.9 | max=246

  Experiment 3:
    Trace   1: ranks=[39, 27, 16, 57, 91, 147, 71, 234, 159, 71, 235, 17, 73, 95] | mean=95.1 | max=235
    Trace   2: ranks=[34, 58, 14, 70, 46, 124, 41, 236, 85, 64, 188, 59, 60, 143] | mean=87.3 | max=236
    Trace   3: ranks=[61, 131, 10, 114, 33, 164, 34, 240, 96, 67, 198, 89, 207, 119] | mean=111.6 | max=240
    Trace   4: ranks=[147, 126, 11, 51, 22, 227, 44, 203, 38, 145, 199, 129, 166, 88] | mean=114.0 | max=227
    Trace   5: ranks=[103, 115, 23, 122, 34, 217, 80, 180, 37, 54, 165, 100, 174, 61] | mean=104.6 | max=217
    Trace   6: ranks=[118, 122, 9, 90, 33, 156, 65, 146, 44, 113, 192, 79, 173, 60] | mean=100.0 | max=192
    Trace   7: ranks=[140, 118, 18, 89, 17, 163, 82, 52, 64, 122, 203, 99, 136, 132] | mean=102.5 | max=203
    Trace   8: ranks=[144, 110, 20, 73, 15, 205, 62, 36, 60, 132, 222, 93, 83, 164] | mean=101.4 | max=222
    Trace   9: ranks=[217, 157, 12, 74, 9, 183, 47, 25, 58, 157, 184, 152, 107, 179] | mean=111.5 | max=217
    Trace  10: ranks=[227, 198, 17, 126, 6, 124, 28, 20, 43, 114, 189, 132, 130, 163] | mean=108.4 | max=227
    Trace  11: ranks=[230, 175, 33, 82, 5, 116, 28, 11, 39, 152, 186, 160, 155, 209] | mean=112.9 | max=230
    Trace  12: ranks=[246, 168, 15, 106, 9, 81, 75, 49, 39, 185, 222, 121, 185, 233] | mean=123.9 | max=246
    Trace  13: ranks=[226, 148, 17, 75, 16, 97, 76, 47, 34, 146, 211, 103, 176, 220] | mean=113.7 | max=226
    Trace  14: ranks=[220, 132, 23, 59, 10, 120, 63, 37, 25, 177, 198, 62, 153, 242] | mean=108.6 | max=242
    Trace  15: ranks=[215, 103, 37, 100, 23, 162, 47, 26, 21, 161, 186, 49, 96, 246] | mean=105.1 | max=246
    Trace  16: ranks=[213, 133, 41, 110, 32, 127, 47, 25, 18, 178, 164, 42, 118, 242] | mean=106.4 | max=242
    Trace  17: ranks=[237, 181, 46, 97, 53, 102, 48, 32, 14, 130, 159, 41, 123, 212] | mean=105.4 | max=237
    Trace  18: ranks=[245, 162, 50, 116, 48, 127, 72, 21, 13, 102, 154, 66, 174, 225] | mean=112.5 | max=245
    Trace  19: ranks=[247, 167, 56, 141, 32, 127, 85, 26, 5, 112, 145, 88, 161, 241] | mean=116.6 | max=247
    Trace  20: ranks=[246, 152, 46, 150, 30, 121, 93, 35, 4, 100, 127, 113, 138, 233] | mean=113.4 | max=246

  Experiment 4:
    Trace   1: ranks=[82, 223, 165, 70, 139, 246, 238, 239, 121, 250, 15, 115, 66, 211] | mean=155.7 | max=250
    Trace   2: ranks=[232, 101, 192, 111, 75, 210, 212, 173, 241, 242, 50, 214, 133, 209] | mean=171.1 | max=242
    Trace   3: ranks=[178, 43, 205, 148, 134, 199, 228, 143, 233, 234, 20, 247, 168, 203] | mean=170.2 | max=247
    Trace   4: ranks=[193, 24, 198, 185, 123, 179, 139, 117, 199, 177, 21, 252, 86, 201] | mean=149.6 | max=252
    Trace   5: ranks=[152, 6, 248, 155, 147, 173, 97, 129, 151, 170, 15, 256, 83, 157] | mean=138.5 | max=256
    Trace   6: ranks=[134, 16, 253, 143, 61, 173, 88, 133, 216, 153, 21, 256, 86, 135] | mean=133.4 | max=256
    Trace   7: ranks=[172, 16, 227, 181, 88, 126, 85, 157, 221, 105, 18, 254, 110, 145] | mean=136.1 | max=254
    Trace   8: ranks=[170, 9, 214, 175, 65, 155, 122, 135, 175, 118, 57, 255, 97, 129] | mean=134.0 | max=255
    Trace   9: ranks=[178, 13, 234, 148, 70, 126, 155, 107, 142, 181, 38, 252, 92, 148] | mean=134.6 | max=252
    Trace  10: ranks=[197, 11, 226, 108, 162, 132, 103, 133, 138, 203, 77, 252, 121, 135] | mean=142.7 | max=252
    Trace  11: ranks=[186, 32, 217, 81, 143, 179, 74, 80, 96, 175, 88, 250, 177, 155] | mean=138.1 | max=250
    Trace  12: ranks=[182, 16, 217, 70, 103, 118, 117, 60, 69, 99, 69, 246, 147, 208] | mean=122.9 | max=246
    Trace  13: ranks=[187, 7, 218, 89, 113, 98, 208, 46, 121, 192, 112, 236, 160, 198] | mean=141.8 | max=236
    Trace  14: ranks=[193, 7, 225, 92, 102, 74, 213, 90, 111, 207, 83, 218, 207, 176] | mean=142.7 | max=225
    Trace  15: ranks=[160, 11, 231, 54, 86, 65, 215, 77, 94, 194, 159, 234, 202, 125] | mean=136.2 | max=234
    Trace  16: ranks=[129, 18, 237, 75, 116, 91, 199, 60, 107, 202, 100, 225, 231, 151] | mean=138.6 | max=237
    Trace  17: ranks=[167, 17, 251, 63, 144, 113, 198, 57, 145, 200, 95, 206, 242, 180] | mean=148.4 | max=251
    Trace  18: ranks=[159, 11, 244, 76, 180, 86, 212, 56, 148, 220, 76, 217, 246, 200] | mean=152.2 | max=246
    Trace  19: ranks=[126, 8, 247, 105, 185, 113, 185, 78, 130, 226, 72, 219, 245, 192] | mean=152.2 | max=247
    Trace  20: ranks=[106, 6, 242, 123, 171, 78, 203, 73, 125, 220, 84, 238, 251, 211] | mean=152.2 | max=251
Thu Mar 19 09:57:33 AM IST 2026 === DA Exp C: bv2_r256_C ===
Loaded 10000 attack traces, length 250000
Loading weights: /home/projects/sipl-prj10622/ASCAD/ASCAD_r/models/bv2_r256_C_best.weights.h5

True key (fixed): [0, 17, 34, 51, 68, 85, 102, 119, 136, 153, 170, 187, 204, 221, 238, 255]

=== Per-byte rank statistics (single-trace) ===
  Byte     Mean   Median   Top-1%   Top-3%   Top-5%  Top-10%  Top-20%
     2    129.1    130.0      0.5      1.2      2.0      4.0      8.1
     3    128.5    129.0      0.4      1.2      1.8      3.9      7.9
     4    127.7    128.0      0.4      1.2      1.9      3.8      7.9
     5    127.6    128.0      0.5      1.3      2.2      4.2      7.9
     6    129.3    130.0      0.4      1.2      1.9      3.8      7.6
     7    129.7    129.5      0.3      1.1      1.8      4.0      7.8
     8    128.6    129.0      0.4      1.1      1.9      4.1      7.7
     9    129.0    129.0      0.5      1.2      2.0      3.9      7.7
    10    128.0    127.0      0.4      1.1      1.8      4.0      7.5
    11    126.9    126.0      0.5      1.5      2.3      4.1      8.3
    12    127.6    127.0      0.4      1.1      2.0      4.2      8.3
    13    127.7    129.0      0.4      1.2      1.9      3.9      8.0
    14    129.2    130.0      0.4      1.3      2.1      4.0      7.8
    15    127.5    126.0      0.4      1.2      2.2      4.0      7.9

  Overall mean rank: 128.3
  All bytes top-1 on same trace: 0.00%

=== Cumulative log-probability attack ===

  Experiment 0:
    Trace   1: ranks=[224, 236, 64, 33, 45, 140, 54, 49, 128, 160, 59, 147, 154, 45] | mean=109.9 | max=236
    Trace   2: ranks=[212, 252, 195, 58, 112, 105, 168, 61, 188, 211, 73, 109, 220, 23] | mean=141.9 | max=252
    Trace   3: ranks=[100, 230, 208, 68, 191, 96, 27, 124, 232, 212, 20, 124, 217, 103] | mean=139.4 | max=232
    Trace   4: ranks=[103, 176, 211, 30, 119, 71, 80, 104, 191, 247, 23, 47, 236, 132] | mean=126.4 | max=247
    Trace   5: ranks=[46, 181, 181, 88, 120, 60, 99, 143, 208, 223, 61, 90, 173, 140] | mean=129.5 | max=223
    Trace   6: ranks=[31, 186, 148, 52, 89, 75, 78, 176, 203, 226, 107, 103, 198, 179] | mean=132.2 | max=226
    Trace   7: ranks=[38, 166, 145, 56, 70, 58, 45, 209, 230, 250, 133, 111, 210, 201] | mean=137.3 | max=250
    Trace   8: ranks=[21, 125, 92, 75, 60, 27, 77, 237, 208, 249, 99, 116, 222, 229] | mean=131.2 | max=249
    Trace   9: ranks=[41, 86, 68, 45, 70, 19, 85, 248, 191, 206, 104, 109, 195, 213] | mean=120.0 | max=248
    Trace  10: ranks=[52, 39, 78, 35, 120, 10, 90, 239, 201, 145, 45, 85, 204, 218] | mean=111.5 | max=239
    Trace  11: ranks=[97, 40, 56, 44, 103, 21, 104, 249, 198, 153, 109, 53, 174, 215] | mean=115.4 | max=249
    Trace  12: ranks=[108, 87, 82, 36, 89, 13, 110, 246, 217, 161, 192, 71, 192, 198] | mean=128.7 | max=246
    Trace  13: ranks=[108, 65, 75, 51, 69, 17, 78, 224, 195, 109, 191, 52, 195, 229] | mean=118.4 | max=229
    Trace  14: ranks=[126, 76, 61, 60, 47, 11, 76, 241, 185, 103, 190, 37, 190, 130] | mean=109.5 | max=241
    Trace  15: ranks=[119, 71, 62, 32, 54, 17, 43, 235, 193, 68, 213, 34, 167, 128] | mean=102.6 | max=235
    Trace  16: ranks=[106, 43, 46, 37, 83, 19, 51, 215, 188, 34, 224, 39, 156, 127] | mean=97.7 | max=224
    Trace  17: ranks=[91, 56, 38, 29, 73, 26, 25, 201, 200, 51, 221, 56, 149, 112] | mean=94.9 | max=221
    Trace  18: ranks=[106, 51, 61, 21, 54, 42, 21, 213, 211, 76, 232, 63, 129, 103] | mean=98.8 | max=232
    Trace  19: ranks=[103, 32, 46, 13, 48, 36, 18, 210, 224, 67, 241, 78, 97, 67] | mean=91.4 | max=241
    Trace  20: ranks=[71, 17, 43, 23, 63, 39, 16, 194, 219, 68, 242, 110, 94, 99] | mean=92.7 | max=242

  Experiment 1:
    Trace   1: ranks=[113, 162, 2, 250, 92, 189, 41, 114, 33, 135, 129, 57, 130, 87] | mean=109.6 | max=250
    Trace   2: ranks=[75, 180, 10, 245, 83, 80, 36, 222, 117, 187, 46, 108, 108, 176] | mean=119.5 | max=245
    Trace   3: ranks=[219, 225, 51, 241, 32, 93, 39, 189, 44, 203, 68, 72, 100, 173] | mean=124.9 | max=241
    Trace   4: ranks=[188, 246, 57, 222, 10, 39, 80, 121, 32, 195, 46, 7, 52, 58] | mean=96.6 | max=246
    Trace   5: ranks=[143, 251, 25, 236, 7, 27, 73, 153, 41, 124, 85, 6, 66, 66] | mean=93.1 | max=251
    Trace   6: ranks=[97, 251, 31, 231, 8, 7, 133, 148, 32, 92, 54, 7, 98, 55] | mean=88.9 | max=251
    Trace   7: ranks=[154, 242, 72, 238, 10, 12, 81, 112, 38, 150, 46, 26, 86, 74] | mean=95.8 | max=242
    Trace   8: ranks=[86, 232, 48, 223, 21, 2, 22, 169, 61, 174, 62, 12, 57, 100] | mean=90.6 | max=232
    Trace   9: ranks=[166, 232, 23, 215, 34, 5, 18, 97, 83, 211, 65, 26, 80, 64] | mean=94.2 | max=232
    Trace  10: ranks=[202, 217, 19, 227, 72, 12, 19, 107, 118, 215, 74, 48, 107, 34] | mean=105.1 | max=227
    Trace  11: ranks=[229, 222, 24, 240, 61, 13, 54, 96, 141, 208, 112, 55, 124, 48] | mean=116.2 | max=240
    Trace  12: ranks=[199, 221, 13, 243, 85, 27, 70, 94, 154, 173, 107, 45, 115, 41] | mean=113.4 | max=243
    Trace  13: ranks=[175, 188, 13, 250, 78, 33, 64, 101, 116, 185, 69, 48, 162, 38] | mean=108.6 | max=250
    Trace  14: ranks=[135, 183, 10, 253, 76, 22, 155, 120, 135, 206, 58, 42, 151, 32] | mean=112.7 | max=253
    Trace  15: ranks=[102, 196, 5, 253, 66, 17, 164, 152, 160, 201, 85, 51, 187, 63] | mean=121.6 | max=253
    Trace  16: ranks=[115, 215, 13, 252, 58, 18, 126, 153, 159, 163, 86, 50, 183, 47] | mean=117.0 | max=252
    Trace  17: ranks=[88, 204, 9, 253, 52, 19, 106, 150, 163, 156, 73, 56, 168, 56] | mean=110.9 | max=253
    Trace  18: ranks=[75, 202, 4, 240, 48, 23, 80, 148, 110, 139, 45, 63, 200, 71] | mean=103.4 | max=240
    Trace  19: ranks=[85, 234, 7, 235, 34, 20, 113, 177, 149, 124, 72, 60, 195, 54] | mean=111.4 | max=235
    Trace  20: ranks=[66, 240, 15, 224, 38, 26, 138, 159, 170, 138, 59, 48, 187, 36] | mean=110.3 | max=240

  Experiment 2:
    Trace   1: ranks=[48, 111, 154, 15, 161, 240, 223, 159, 181, 231, 7, 220, 236, 125] | mean=150.8 | max=240
    Trace   2: ranks=[53, 58, 179, 56, 99, 114, 183, 179, 201, 245, 71, 187, 246, 178] | mean=146.4 | max=246
    Trace   3: ranks=[144, 87, 176, 70, 179, 124, 190, 52, 227, 193, 183, 173, 247, 101] | mean=153.3 | max=247
    Trace   4: ranks=[129, 64, 185, 62, 227, 204, 179, 129, 171, 203, 196, 131, 240, 178] | mean=164.1 | max=240
    Trace   5: ranks=[113, 53, 213, 89, 202, 227, 205, 45, 241, 198, 189, 183, 243, 112] | mean=165.2 | max=243
    Trace   6: ranks=[65, 37, 171, 107, 205, 237, 232, 57, 213, 223, 166, 176, 244, 83] | mean=158.3 | max=244
    Trace   7: ranks=[75, 37, 129, 86, 126, 235, 230, 152, 225, 235, 72, 165, 242, 119] | mean=152.0 | max=242
    Trace   8: ranks=[46, 21, 141, 83, 102, 217, 237, 165, 230, 233, 162, 207, 238, 62] | mean=153.1 | max=238
    Trace   9: ranks=[82, 24, 85, 134, 108, 210, 236, 181, 256, 226, 169, 182, 240, 93] | mean=159.0 | max=256
    Trace  10: ranks=[73, 30, 86, 156, 118, 221, 240, 205, 256, 243, 167, 162, 250, 131] | mean=167.0 | max=256
    Trace  11: ranks=[130, 38, 100, 195, 121, 225, 235, 193, 256, 250, 134, 165, 241, 132] | mean=172.5 | max=256
    Trace  12: ranks=[144, 45, 90, 192, 154, 213, 220, 219, 256, 242, 156, 129, 239, 117] | mean=172.6 | max=256
    Trace  13: ranks=[104, 58, 75, 191, 95, 228, 225, 219, 256, 246, 183, 145, 228, 97] | mean=167.9 | max=256
    Trace  14: ranks=[91, 63, 73, 180, 74, 228, 216, 209, 256, 245, 170, 119, 236, 142] | mean=164.4 | max=256
    Trace  15: ranks=[122, 63, 78, 182, 60, 223, 245, 210, 256, 248, 178, 102, 225, 99] | mean=163.6 | max=256
    Trace  16: ranks=[129, 63, 91, 213, 84, 209, 238, 214, 256, 250, 164, 126, 209, 84] | mean=166.4 | max=256
    Trace  17: ranks=[164, 83, 99, 200, 75, 217, 240, 223, 256, 246, 179, 129, 225, 47] | mean=170.2 | max=256
    Trace  18: ranks=[164, 83, 165, 205, 96, 219, 205, 213, 256, 248, 219, 126, 222, 38] | mean=175.6 | max=256
    Trace  19: ranks=[138, 99, 164, 193, 93, 218, 201, 210, 256, 252, 235, 122, 231, 43] | mean=175.4 | max=256
    Trace  20: ranks=[155, 90, 201, 186, 54, 209, 196, 218, 256, 251, 228, 139, 227, 48] | mean=175.6 | max=256

  Experiment 3:
    Trace   1: ranks=[159, 152, 89, 153, 219, 63, 80, 238, 189, 25, 197, 30, 119, 91] | mean=128.9 | max=238
    Trace   2: ranks=[105, 201, 166, 101, 191, 46, 17, 190, 149, 65, 215, 29, 63, 194] | mean=123.7 | max=215
    Trace   3: ranks=[55, 238, 113, 102, 156, 63, 22, 189, 125, 105, 247, 25, 116, 73] | mean=116.4 | max=247
    Trace   4: ranks=[22, 152, 169, 83, 167, 54, 90, 94, 36, 109, 235, 77, 111, 15] | mean=101.0 | max=235
    Trace   5: ranks=[29, 200, 176, 92, 198, 117, 140, 80, 9, 30, 180, 42, 142, 11] | mean=103.3 | max=200
    Trace   6: ranks=[16, 219, 82, 59, 232, 70, 150, 59, 25, 84, 176, 89, 131, 2] | mean=99.6 | max=232
    Trace   7: ranks=[58, 197, 45, 57, 229, 106, 113, 26, 26, 80, 197, 85, 121, 18] | mean=97.0 | max=229
    Trace   8: ranks=[68, 180, 47, 35, 216, 122, 84, 32, 38, 102, 223, 69, 94, 20] | mean=95.0 | max=223
    Trace   9: ranks=[155, 173, 30, 31, 204, 64, 40, 20, 50, 109, 182, 140, 67, 14] | mean=91.4 | max=204
    Trace  10: ranks=[215, 215, 55, 64, 219, 40, 49, 8, 12, 94, 181, 107, 65, 28] | mean=96.6 | max=219
    Trace  11: ranks=[227, 201, 61, 79, 185, 65, 75, 14, 12, 110, 190, 121, 50, 35] | mean=101.8 | max=227
    Trace  12: ranks=[237, 178, 34, 89, 201, 32, 109, 19, 27, 130, 216, 64, 49, 83] | mean=104.9 | max=237
    Trace  13: ranks=[186, 170, 38, 35, 207, 49, 144, 21, 16, 120, 196, 61, 11, 41] | mean=92.5 | max=207
    Trace  14: ranks=[171, 164, 64, 11, 188, 62, 152, 26, 18, 128, 154, 30, 12, 60] | mean=88.6 | max=188
    Trace  15: ranks=[161, 171, 75, 31, 214, 57, 156, 8, 13, 178, 109, 20, 7, 105] | mean=93.2 | max=214
    Trace  16: ranks=[175, 165, 82, 30, 194, 38, 135, 12, 35, 144, 126, 24, 9, 109] | mean=91.3 | max=194
    Trace  17: ranks=[185, 197, 92, 34, 176, 40, 169, 8, 35, 101, 177, 25, 13, 79] | mean=95.1 | max=197
    Trace  18: ranks=[197, 195, 63, 30, 149, 49, 173, 6, 20, 98, 159, 31, 30, 100] | mean=92.9 | max=197
    Trace  19: ranks=[219, 215, 58, 20, 142, 59, 196, 4, 16, 104, 168, 52, 25, 90] | mean=97.7 | max=219
    Trace  20: ranks=[225, 193, 38, 18, 148, 71, 199, 6, 21, 85, 188, 73, 16, 85] | mean=97.6 | max=225

  Experiment 4:
    Trace   1: ranks=[3, 89, 130, 17, 139, 253, 194, 185, 8, 241, 28, 54, 50, 36] | mean=101.9 | max=253
    Trace   2: ranks=[166, 45, 121, 44, 133, 255, 184, 177, 95, 217, 40, 62, 52, 81] | mean=119.4 | max=255
    Trace   3: ranks=[111, 55, 213, 29, 160, 253, 195, 197, 115, 240, 76, 84, 69, 29] | mean=130.4 | max=253
    Trace   4: ranks=[189, 50, 158, 54, 172, 215, 86, 160, 113, 240, 52, 133, 19, 17] | mean=118.4 | max=240
    Trace   5: ranks=[199, 45, 221, 24, 200, 218, 36, 185, 46, 247, 15, 172, 43, 10] | mean=118.6 | max=247
    Trace   6: ranks=[195, 46, 249, 35, 184, 181, 58, 176, 116, 245, 15, 193, 53, 23] | mean=126.4 | max=249
    Trace   7: ranks=[188, 59, 228, 63, 213, 115, 58, 214, 58, 219, 10, 178, 130, 29] | mean=125.9 | max=228
    Trace   8: ranks=[168, 12, 220, 33, 212, 131, 65, 174, 40, 242, 16, 215, 120, 15] | mean=118.8 | max=242
    Trace   9: ranks=[216, 14, 226, 23, 232, 79, 65, 210, 24, 250, 40, 213, 107, 20] | mean=122.8 | max=250
    Trace  10: ranks=[211, 7, 214, 35, 240, 98, 34, 234, 13, 254, 52, 193, 155, 3] | mean=124.5 | max=254
    Trace  11: ranks=[222, 16, 210, 44, 245, 91, 11, 193, 22, 255, 58, 193, 157, 3] | mean=122.9 | max=255
    Trace  12: ranks=[226, 7, 216, 32, 236, 84, 17, 169, 26, 251, 35, 202, 163, 4] | mean=119.1 | max=251
    Trace  13: ranks=[197, 6, 224, 34, 245, 92, 67, 140, 51, 254, 102, 225, 180, 6] | mean=130.2 | max=254
    Trace  14: ranks=[217, 9, 214, 41, 232, 40, 118, 150, 53, 254, 55, 233, 216, 7] | mean=131.4 | max=254
    Trace  15: ranks=[170, 17, 218, 36, 235, 38, 95, 143, 69, 252, 106, 244, 214, 3] | mean=131.4 | max=252
    Trace  16: ranks=[149, 27, 235, 47, 219, 43, 79, 114, 70, 252, 86, 237, 228, 1] | mean=127.6 | max=252
    Trace  17: ranks=[161, 36, 239, 53, 235, 56, 99, 113, 137, 254, 96, 226, 226, 2] | mean=138.1 | max=254
    Trace  18: ranks=[168, 34, 233, 78, 238, 46, 103, 112, 153, 253, 127, 219, 223, 4] | mean=142.2 | max=253
    Trace  19: ranks=[119, 33, 241, 117, 238, 59, 93, 112, 149, 251, 135, 227, 205, 3] | mean=141.6 | max=251
    Trace  20: ranks=[91, 21, 240, 112, 247, 65, 97, 74, 148, 245, 151, 243, 239, 1] | mean=141.0 | max=247
Thu Mar 19 09:59:52 AM IST 2026 === DA Exp D: bv2_slow_D ===
Loaded 10000 attack traces, length 250000
Loading weights: /home/projects/sipl-prj10622/ASCAD/ASCAD_r/models/bv2_slow_D_best.weights.h5

True key (fixed): [0, 17, 34, 51, 68, 85, 102, 119, 136, 153, 170, 187, 204, 221, 238, 255]

=== Per-byte rank statistics (single-trace) ===
  Byte     Mean   Median   Top-1%   Top-3%   Top-5%  Top-10%  Top-20%
     2    128.9    129.0      0.2      0.9      1.7      3.7      7.4
     3    127.9    127.0      0.3      1.0      1.7      3.6      7.6
     4    128.4    128.0      0.4      1.2      2.0      3.8      7.7
     5    127.9    127.0      0.4      1.0      1.7      3.8      7.7
     6    129.4    130.0      0.4      1.1      1.8      3.8      7.7
     7    128.8    129.0      0.4      1.0      1.8      4.0      8.0
     8    128.1    127.0      0.4      1.0      1.8      3.9      7.6
     9    128.4    128.0      0.4      1.1      1.8      3.5      7.5
    10    129.2    130.0      0.3      1.1      1.8      3.7      7.6
    11    128.9    129.0      0.4      1.2      1.9      4.0      7.8
    12    128.0    128.0      0.5      1.4      2.3      4.2      8.5
    13    129.1    129.0      0.6      1.5      2.1      4.1      8.3
    14    131.2    132.0      0.4      1.1      2.0      3.8      7.4
    15    128.8    129.0      0.4      1.2      2.1      4.2      7.9

  Overall mean rank: 128.8
  All bytes top-1 on same trace: 0.00%

=== Cumulative log-probability attack ===

  Experiment 0:
    Trace   1: ranks=[102, 200, 3, 100, 80, 245, 51, 153, 65, 106, 72, 31, 200, 23] | mean=102.2 | max=245
    Trace   2: ranks=[104, 225, 70, 166, 134, 201, 123, 127, 34, 63, 142, 94, 182, 102] | mean=126.2 | max=225
    Trace   3: ranks=[42, 176, 97, 152, 165, 243, 28, 150, 78, 145, 121, 48, 148, 214] | mean=129.1 | max=243
    Trace   4: ranks=[51, 53, 186, 78, 50, 193, 53, 135, 72, 161, 139, 69, 161, 215] | mean=115.4 | max=215
    Trace   5: ranks=[6, 100, 184, 129, 49, 219, 79, 153, 51, 202, 178, 172, 111, 228] | mean=132.9 | max=228
    Trace   6: ranks=[13, 174, 179, 57, 49, 215, 55, 202, 40, 192, 204, 177, 216, 242] | mean=143.9 | max=242
    Trace   7: ranks=[47, 147, 178, 107, 35, 177, 104, 207, 77, 207, 207, 184, 234, 252] | mean=154.5 | max=252
    Trace   8: ranks=[16, 140, 127, 81, 22, 136, 118, 224, 50, 227, 206, 158, 239, 254] | mean=142.7 | max=254
    Trace   9: ranks=[8, 108, 181, 133, 22, 149, 105, 238, 73, 183, 202, 136, 236, 253] | mean=144.8 | max=253
    Trace  10: ranks=[12, 103, 144, 121, 22, 208, 108, 223, 93, 172, 177, 112, 251, 248] | mean=142.4 | max=251
    Trace  11: ranks=[33, 115, 117, 113, 11, 187, 104, 214, 117, 163, 193, 142, 245, 243] | mean=142.6 | max=245
    Trace  12: ranks=[70, 188, 84, 141, 8, 203, 99, 226, 143, 159, 242, 133, 245, 237] | mean=155.6 | max=245
    Trace  13: ranks=[89, 170, 97, 109, 4, 195, 74, 201, 147, 152, 239, 105, 254, 245] | mean=148.6 | max=254
    Trace  14: ranks=[85, 127, 99, 75, 4, 182, 86, 220, 151, 119, 238, 68, 250, 235] | mean=138.5 | max=250
    Trace  15: ranks=[81, 109, 65, 69, 5, 180, 119, 227, 152, 123, 238, 29, 243, 239] | mean=134.2 | max=243
    Trace  16: ranks=[77, 114, 74, 85, 8, 142, 124, 232, 153, 106, 247, 21, 243, 222] | mean=132.0 | max=247
    Trace  17: ranks=[60, 102, 56, 60, 18, 128, 76, 229, 146, 124, 248, 19, 248, 211] | mean=123.2 | max=248
    Trace  18: ranks=[64, 75, 79, 55, 14, 126, 76, 235, 184, 138, 245, 22, 242, 214] | mean=126.4 | max=245
    Trace  19: ranks=[60, 45, 71, 39, 13, 153, 29, 238, 190, 147, 248, 35, 243, 196] | mean=121.9 | max=248
    Trace  20: ranks=[28, 60, 69, 43, 14, 175, 13, 239, 186, 145, 250, 40, 247, 198] | mean=121.9 | max=250

  Experiment 1:
    Trace   1: ranks=[108, 103, 64, 202, 179, 151, 60, 114, 75, 116, 151, 73, 128, 101] | mean=116.1 | max=202
    Trace   2: ranks=[119, 116, 207, 116, 221, 101, 108, 171, 76, 44, 21, 124, 51, 89] | mean=111.7 | max=221
    Trace   3: ranks=[184, 132, 183, 126, 220, 198, 100, 102, 67, 47, 17, 82, 59, 190] | mean=121.9 | max=220
    Trace   4: ranks=[218, 109, 227, 86, 219, 163, 57, 90, 42, 93, 5, 22, 95, 147] | mean=112.4 | max=227
    Trace   5: ranks=[180, 138, 138, 102, 178, 137, 66, 80, 58, 107, 5, 23, 148, 176] | mean=109.7 | max=180
    Trace   6: ranks=[91, 142, 119, 125, 139, 48, 98, 134, 47, 94, 5, 32, 111, 156] | mean=95.8 | max=156
    Trace   7: ranks=[143, 73, 117, 80, 105, 102, 80, 175, 43, 110, 8, 19, 91, 180] | mean=94.7 | max=180
    Trace   8: ranks=[82, 65, 132, 85, 132, 75, 82, 173, 59, 82, 5, 27, 83, 186] | mean=90.6 | max=186
    Trace   9: ranks=[116, 74, 115, 67, 153, 58, 105, 124, 38, 156, 3, 41, 76, 195] | mean=94.4 | max=195
    Trace  10: ranks=[140, 72, 88, 148, 156, 35, 96, 142, 15, 158, 3, 77, 78, 184] | mean=99.4 | max=184
    Trace  11: ranks=[124, 57, 130, 150, 138, 46, 192, 109, 15, 158, 3, 48, 120, 210] | mean=107.1 | max=210
    Trace  12: ranks=[160, 81, 104, 172, 190, 34, 190, 88, 23, 124, 9, 55, 120, 205] | mean=111.1 | max=205
    Trace  13: ranks=[147, 68, 90, 210, 139, 41, 191, 101, 7, 162, 2, 57, 116, 188] | mean=108.5 | max=210
    Trace  14: ranks=[133, 75, 101, 208, 126, 55, 198, 67, 10, 142, 1, 74, 85, 184] | mean=104.2 | max=208
    Trace  15: ranks=[155, 92, 104, 214, 112, 56, 196, 66, 14, 97, 1, 68, 61, 199] | mean=102.5 | max=214
    Trace  16: ranks=[159, 116, 114, 166, 153, 60, 170, 59, 25, 71, 1, 75, 58, 176] | mean=100.2 | max=176
    Trace  17: ranks=[177, 103, 152, 118, 112, 137, 167, 44, 41, 82, 2, 42, 64, 183] | mean=101.7 | max=183
    Trace  18: ranks=[194, 92, 132, 98, 99, 140, 147, 67, 23, 75, 2, 55, 77, 195] | mean=99.7 | max=195
    Trace  19: ranks=[189, 129, 125, 133, 72, 127, 143, 62, 52, 113, 8, 27, 107, 210] | mean=106.9 | max=210
    Trace  20: ranks=[163, 141, 131, 133, 62, 130, 167, 73, 55, 75, 18, 25, 90, 221] | mean=106.0 | max=221

  Experiment 2:
    Trace   1: ranks=[79, 105, 101, 24, 111, 251, 241, 14, 41, 176, 2, 207, 237, 63] | mean=118.0 | max=251
    Trace   2: ranks=[93, 3, 101, 28, 93, 167, 231, 54, 58, 192, 21, 106, 205, 122] | mean=105.3 | max=231
    Trace   3: ranks=[150, 2, 240, 18, 56, 101, 217, 25, 64, 234, 12, 68, 184, 79] | mean=103.6 | max=240
    Trace   4: ranks=[70, 11, 229, 6, 127, 166, 201, 41, 41, 234, 17, 60, 193, 59] | mean=103.9 | max=234
    Trace   5: ranks=[94, 23, 205, 13, 78, 224, 176, 31, 126, 232, 17, 47, 213, 86] | mean=111.8 | max=232
    Trace   6: ranks=[97, 51, 113, 35, 63, 248, 235, 38, 125, 228, 12, 19, 180, 58] | mean=107.3 | max=248
    Trace   7: ranks=[126, 26, 79, 50, 65, 237, 218, 100, 172, 234, 21, 17, 168, 31] | mean=110.3 | max=237
    Trace   8: ranks=[102, 9, 76, 67, 59, 243, 237, 80, 182, 235, 49, 35, 126, 16] | mean=108.3 | max=243
    Trace   9: ranks=[85, 8, 71, 100, 47, 246, 226, 72, 248, 197, 46, 13, 109, 24] | mean=106.6 | max=248
    Trace  10: ranks=[67, 9, 73, 148, 22, 246, 244, 82, 245, 177, 74, 10, 136, 45] | mean=112.7 | max=246
    Trace  11: ranks=[63, 11, 94, 192, 14, 250, 249, 91, 255, 171, 61, 16, 114, 81] | mean=118.7 | max=255
    Trace  12: ranks=[76, 13, 98, 212, 18, 247, 243, 111, 256, 174, 82, 8, 87, 77] | mean=121.6 | max=256
    Trace  13: ranks=[36, 18, 87, 222, 23, 250, 241, 165, 256, 138, 82, 9, 132, 109] | mean=126.3 | max=256
    Trace  14: ranks=[37, 18, 62, 214, 24, 250, 220, 135, 256, 125, 58, 11, 165, 130] | mean=121.8 | max=256
    Trace  15: ranks=[43, 27, 50, 227, 28, 239, 219, 168, 256, 201, 86, 12, 161, 43] | mean=125.7 | max=256
    Trace  16: ranks=[34, 11, 58, 244, 60, 231, 196, 161, 256, 205, 55, 17, 156, 61] | mean=124.6 | max=256
    Trace  17: ranks=[50, 8, 70, 234, 78, 235, 195, 195, 256, 226, 59, 20, 112, 30] | mean=126.3 | max=256
    Trace  18: ranks=[59, 12, 101, 243, 62, 236, 165, 203, 256, 227, 127, 15, 123, 51] | mean=134.3 | max=256
    Trace  19: ranks=[59, 12, 112, 245, 64, 246, 143, 200, 256, 243, 210, 12, 153, 25] | mean=141.4 | max=256
    Trace  20: ranks=[62, 11, 185, 252, 65, 245, 168, 216, 256, 247, 185, 24, 156, 24] | mean=149.7 | max=256

  Experiment 3:
    Trace   1: ranks=[182, 130, 151, 222, 152, 41, 93, 206, 215, 164, 201, 54, 52, 100] | mean=140.2 | max=222
    Trace   2: ranks=[224, 51, 78, 138, 45, 70, 27, 215, 170, 158, 195, 107, 79, 68] | mean=116.1 | max=224
    Trace   3: ranks=[188, 58, 133, 118, 70, 88, 10, 211, 139, 171, 187, 109, 156, 65] | mean=121.6 | max=211
    Trace   4: ranks=[163, 49, 199, 137, 90, 147, 42, 108, 49, 224, 227, 97, 114, 65] | mean=122.2 | max=227
    Trace   5: ranks=[144, 48, 219, 140, 112, 162, 78, 73, 24, 174, 204, 47, 177, 49] | mean=117.9 | max=219
    Trace   6: ranks=[120, 49, 187, 175, 132, 145, 89, 87, 13, 191, 174, 41, 165, 18] | mean=113.3 | max=191
    Trace   7: ranks=[166, 46, 115, 220, 166, 202, 116, 72, 24, 224, 205, 61, 95, 22] | mean=123.9 | max=224
    Trace   8: ranks=[168, 46, 114, 163, 189, 156, 54, 68, 28, 221, 229, 43, 48, 22] | mean=110.6 | max=229
    Trace   9: ranks=[219, 58, 91, 205, 171, 119, 64, 33, 35, 217, 173, 64, 33, 22] | mean=107.4 | max=219
    Trace  10: ranks=[243, 92, 101, 230, 159, 85, 53, 15, 25, 227, 177, 92, 52, 37] | mean=113.4 | max=243
    Trace  11: ranks=[232, 119, 119, 215, 98, 147, 39, 12, 36, 219, 122, 106, 71, 33] | mean=112.0 | max=232
    Trace  12: ranks=[249, 79, 88, 218, 160, 139, 128, 29, 58, 225, 138, 119, 83, 45] | mean=125.6 | max=249
    Trace  13: ranks=[242, 91, 63, 215, 176, 157, 147, 16, 37, 225, 71, 104, 70, 48] | mean=118.7 | max=242
    Trace  14: ranks=[229, 88, 89, 175, 184, 156, 152, 6, 50, 229, 50, 98, 66, 101] | mean=119.5 | max=229
    Trace  15: ranks=[228, 92, 62, 190, 197, 177, 140, 3, 68, 244, 40, 61, 56, 113] | mean=119.4 | max=244
    Trace  16: ranks=[243, 93, 60, 186, 180, 156, 121, 3, 61, 242, 34, 59, 81, 96] | mean=115.4 | max=243
    Trace  17: ranks=[240, 111, 105, 164, 169, 140, 139, 4, 53, 226, 44, 46, 54, 88] | mean=113.1 | max=240
    Trace  18: ranks=[246, 139, 89, 185, 141, 120, 175, 1, 32, 220, 43, 47, 67, 90] | mean=113.9 | max=246
    Trace  19: ranks=[249, 153, 107, 197, 134, 130, 181, 2, 27, 222, 37, 50, 69, 88] | mean=117.6 | max=249
    Trace  20: ranks=[234, 137, 80, 179, 129, 137, 175, 2, 14, 216, 39, 97, 78, 92] | mean=114.9 | max=234

  Experiment 4:
    Trace   1: ranks=[17, 160, 76, 167, 162, 202, 112, 182, 23, 246, 9, 75, 167, 17] | mean=115.4 | max=246
    Trace   2: ranks=[94, 7, 56, 200, 129, 204, 116, 148, 110, 250, 9, 88, 196, 26] | mean=116.6 | max=250
    Trace   3: ranks=[88, 7, 95, 99, 175, 214, 115, 119, 146, 248, 45, 160, 130, 6] | mean=117.6 | max=248
    Trace   4: ranks=[155, 59, 110, 71, 142, 167, 94, 94, 44, 192, 39, 142, 92, 20] | mean=101.5 | max=192
    Trace   5: ranks=[149, 50, 186, 58, 182, 146, 112, 95, 46, 229, 23, 91, 175, 22] | mean=111.7 | max=229
    Trace   6: ranks=[142, 52, 183, 51, 158, 110, 78, 120, 128, 237, 12, 125, 147, 27] | mean=112.1 | max=237
    Trace   7: ranks=[143, 62, 195, 108, 199, 109, 109, 122, 135, 223, 22, 169, 197, 14] | mean=129.1 | max=223
    Trace   8: ranks=[112, 29, 201, 60, 241, 151, 177, 149, 85, 218, 48, 180, 195, 25] | mean=133.6 | max=241
    Trace   9: ranks=[139, 29, 227, 66, 248, 125, 191, 176, 140, 236, 56, 151, 215, 53] | mean=146.6 | max=248
    Trace  10: ranks=[118, 41, 239, 50, 249, 119, 179, 215, 124, 235, 60, 107, 244, 43] | mean=144.5 | max=249
    Trace  11: ranks=[101, 40, 234, 41, 250, 90, 174, 218, 90, 235, 66, 85, 244, 78] | mean=139.0 | max=250
    Trace  12: ranks=[75, 40, 228, 17, 250, 95, 229, 232, 125, 217, 59, 79, 243, 137] | mean=144.7 | max=250
    Trace  13: ranks=[64, 30, 214, 31, 249, 90, 218, 215, 161, 240, 94, 68, 239, 119] | mean=145.1 | max=249
    Trace  14: ranks=[94, 39, 217, 39, 239, 87, 241, 203, 180, 252, 88, 118, 228, 114] | mean=152.8 | max=252
    Trace  15: ranks=[87, 70, 211, 19, 252, 82, 237, 212, 205, 238, 139, 162, 221, 101] | mean=159.7 | max=252
    Trace  16: ranks=[71, 72, 203, 34, 242, 93, 232, 157, 195, 225, 133, 157, 226, 67] | mean=150.5 | max=242
    Trace  17: ranks=[104, 93, 180, 24, 239, 131, 227, 108, 215, 231, 97, 140, 227, 59] | mean=148.2 | max=239
    Trace  18: ranks=[137, 68, 178, 39, 251, 108, 221, 97, 208, 238, 97, 151, 227, 70] | mean=149.3 | max=251
    Trace  19: ranks=[128, 69, 184, 48, 253, 123, 194, 109, 215, 214, 149, 164, 200, 71] | mean=151.5 | max=253
    Trace  20: ranks=[118, 72, 185, 48, 255, 110, 214, 83, 224, 202, 167, 189, 225, 81] | mean=155.2 | max=255
Thu Mar 19 10:02:10 AM IST 2026 === DA Exp E: bv2_deep_E ===
Loaded 10000 attack traces, length 250000
Loading weights: /home/projects/sipl-prj10622/ASCAD/ASCAD_r/models/bv2_deep_E_best.weights.h5

True key (fixed): [0, 17, 34, 51, 68, 85, 102, 119, 136, 153, 170, 187, 204, 221, 238, 255]

=== Per-byte rank statistics (single-trace) ===
  Byte     Mean   Median   Top-1%   Top-3%   Top-5%  Top-10%  Top-20%
     2    128.4    127.0      0.5      1.2      2.0      3.8      7.9
     3    127.9    128.0      0.3      1.1      2.0      4.0      8.0
     4    128.8    129.0      0.4      1.3      2.1      3.9      7.6
     5    127.5    127.0      0.4      1.0      1.8      3.9      8.2
     6    128.4    129.0      0.3      1.2      2.1      4.3      7.8
     7    128.5    128.0      0.5      1.4      2.3      4.2      8.3
     8    129.6    131.0      0.5      1.3      1.9      3.9      7.5
     9    128.9    130.0      0.4      1.3      2.0      4.0      7.8
    10    128.7    129.0      0.3      1.1      1.9      4.0      7.6
    11    127.3    127.0      0.4      1.2      2.2      4.3      8.5
    12    128.5    128.0      0.3      1.1      2.1      4.0      7.8
    13    127.4    127.0      0.4      1.3      2.2      4.2      8.3
    14    129.5    130.5      0.4      1.0      1.8      4.0      8.0
    15    127.2    126.0      0.4      1.1      1.9      3.9      7.7

  Overall mean rank: 128.3
  All bytes top-1 on same trace: 0.00%

=== Cumulative log-probability attack ===

  Experiment 0:
    Trace   1: ranks=[71, 124, 108, 62, 104, 90, 78, 138, 17, 104, 179, 64, 112, 66] | mean=94.1 | max=179
    Trace   2: ranks=[52, 215, 204, 80, 189, 49, 164, 193, 73, 250, 206, 122, 92, 89] | mean=141.3 | max=250
    Trace   3: ranks=[43, 111, 219, 56, 139, 45, 157, 212, 163, 231, 189, 143, 144, 187] | mean=145.6 | max=231
    Trace   4: ranks=[36, 113, 231, 30, 69, 36, 177, 153, 176, 236, 193, 51, 169, 188] | mean=132.7 | max=236
    Trace   5: ranks=[25, 130, 205, 37, 133, 61, 168, 143, 185, 235, 199, 133, 107, 195] | mean=139.7 | max=235
    Trace   6: ranks=[33, 113, 163, 23, 121, 31, 195, 115, 155, 220, 210, 94, 174, 214] | mean=132.9 | max=220
    Trace   7: ranks=[54, 84, 151, 31, 83, 51, 147, 146, 117, 241, 209, 152, 210, 240] | mean=136.9 | max=241
    Trace   8: ranks=[31, 27, 130, 22, 48, 69, 219, 181, 160, 232, 222, 155, 209, 233] | mean=138.4 | max=233
    Trace   9: ranks=[24, 31, 153, 23, 88, 51, 214, 177, 141, 224, 211, 115, 227, 202] | mean=134.4 | max=227
    Trace  10: ranks=[22, 49, 155, 13, 162, 68, 230, 162, 133, 221, 174, 100, 218, 190] | mean=135.5 | max=230
    Trace  11: ranks=[65, 75, 143, 9, 99, 69, 235, 161, 111, 228, 167, 112, 154, 117] | mean=124.6 | max=235
    Trace  12: ranks=[92, 134, 125, 12, 101, 49, 198, 191, 146, 218, 229, 55, 217, 110] | mean=134.1 | max=229
    Trace  13: ranks=[95, 114, 155, 7, 109, 28, 137, 166, 127, 203, 228, 49, 199, 143] | mean=125.7 | max=228
    Trace  14: ranks=[62, 135, 126, 12, 113, 28, 138, 181, 116, 151, 231, 35, 194, 94] | mean=115.4 | max=231
    Trace  15: ranks=[71, 146, 87, 7, 138, 43, 125, 189, 126, 122, 236, 59, 142, 76] | mean=111.9 | max=236
    Trace  16: ranks=[52, 111, 65, 9, 123, 49, 108, 181, 137, 67, 250, 79, 138, 69] | mean=102.7 | max=250
    Trace  17: ranks=[49, 121, 51, 12, 113, 36, 87, 162, 126, 79, 252, 56, 161, 65] | mean=97.9 | max=252
    Trace  18: ranks=[41, 98, 66, 8, 94, 50, 97, 162, 148, 99, 249, 53, 151, 52] | mean=97.7 | max=249
    Trace  19: ranks=[25, 106, 57, 7, 98, 60, 96, 132, 167, 58, 248, 90, 139, 48] | mean=95.1 | max=248
    Trace  20: ranks=[13, 104, 62, 12, 110, 49, 80, 106, 171, 60, 250, 97, 144, 80] | mean=95.6 | max=250

  Experiment 1:
    Trace   1: ranks=[89, 182, 51, 236, 93, 190, 95, 97, 82, 131, 169, 60, 58, 84] | mean=115.5 | max=236
    Trace   2: ranks=[162, 203, 71, 209, 42, 160, 30, 165, 150, 95, 11, 118, 26, 189] | mean=116.5 | max=209
    Trace   3: ranks=[223, 217, 109, 206, 40, 143, 25, 113, 85, 46, 29, 149, 5, 189] | mean=112.8 | max=223
    Trace   4: ranks=[145, 212, 188, 197, 8, 43, 33, 34, 139, 38, 13, 88, 3, 75] | mean=86.9 | max=212
    Trace   5: ranks=[171, 245, 135, 164, 6, 25, 35, 13, 85, 29, 16, 105, 20, 128] | mean=84.1 | max=245
    Trace   6: ranks=[203, 253, 76, 178, 13, 15, 87, 20, 67, 19, 32, 119, 17, 96] | mean=85.4 | max=253
    Trace   7: ranks=[210, 244, 96, 238, 10, 19, 101, 9, 31, 47, 51, 130, 30, 90] | mean=93.3 | max=244
    Trace   8: ranks=[137, 213, 112, 205, 23, 4, 69, 29, 46, 33, 18, 81, 24, 106] | mean=78.6 | max=213
    Trace   9: ranks=[166, 219, 122, 223, 48, 10, 86, 13, 40, 51, 19, 82, 63, 68] | mean=86.4 | max=223
    Trace  10: ranks=[133, 180, 94, 250, 93, 15, 128, 11, 55, 61, 16, 132, 114, 35] | mean=94.1 | max=250
    Trace  11: ranks=[129, 181, 126, 255, 79, 13, 206, 8, 45, 82, 16, 166, 132, 50] | mean=106.3 | max=255
    Trace  12: ranks=[139, 184, 101, 252, 62, 10, 219, 4, 81, 93, 24, 146, 158, 42] | mean=108.2 | max=252
    Trace  13: ranks=[110, 148, 101, 254, 33, 9, 225, 6, 38, 124, 10, 147, 174, 34] | mean=100.9 | max=254
    Trace  14: ranks=[99, 126, 112, 253, 31, 13, 225, 11, 70, 143, 2, 138, 134, 29] | mean=99.0 | max=253
    Trace  15: ranks=[120, 144, 102, 254, 18, 14, 234, 5, 100, 119, 10, 138, 150, 47] | mean=103.9 | max=254
    Trace  16: ranks=[117, 157, 109, 253, 22, 16, 213, 6, 127, 103, 5, 122, 179, 27] | mean=104.0 | max=253
    Trace  17: ranks=[148, 164, 121, 250, 11, 37, 215, 15, 107, 92, 8, 111, 181, 29] | mean=106.4 | max=250
    Trace  18: ranks=[168, 159, 84, 247, 14, 63, 192, 14, 82, 85, 9, 139, 199, 61] | mean=108.3 | max=247
    Trace  19: ranks=[159, 202, 82, 250, 5, 82, 219, 18, 136, 89, 13, 137, 177, 88] | mean=118.4 | max=250
    Trace  20: ranks=[121, 210, 68, 240, 3, 133, 220, 21, 142, 70, 17, 160, 176, 83] | mean=118.9 | max=240

  Experiment 2:
    Trace   1: ranks=[50, 54, 140, 162, 100, 198, 230, 108, 129, 185, 4, 232, 212, 175] | mean=141.4 | max=232
    Trace   2: ranks=[40, 33, 120, 163, 56, 138, 224, 103, 81, 142, 71, 226, 248, 244] | mean=134.9 | max=248
    Trace   3: ranks=[113, 10, 145, 43, 159, 58, 144, 19, 125, 156, 106, 235, 250, 209] | mean=126.6 | max=250
    Trace   4: ranks=[89, 22, 142, 58, 186, 25, 178, 66, 110, 212, 42, 245, 245, 197] | mean=129.8 | max=245
    Trace   5: ranks=[71, 21, 114, 72, 101, 96, 178, 24, 190, 239, 62, 247, 250, 194] | mean=132.8 | max=250
    Trace   6: ranks=[36, 12, 72, 141, 76, 131, 134, 28, 179, 210, 31, 231, 252, 185] | mean=122.7 | max=252
    Trace   7: ranks=[81, 12, 37, 69, 78, 143, 109, 73, 207, 199, 25, 211, 232, 174] | mean=117.9 | max=232
    Trace   8: ranks=[118, 7, 34, 84, 77, 130, 161, 70, 206, 202, 33, 189, 221, 104] | mean=116.9 | max=221
    Trace   9: ranks=[141, 11, 37, 93, 66, 124, 185, 68, 248, 193, 48, 180, 207, 149] | mean=125.0 | max=248
    Trace  10: ranks=[77, 14, 84, 127, 73, 141, 202, 55, 250, 205, 64, 145, 217, 175] | mean=130.6 | max=250
    Trace  11: ranks=[101, 22, 91, 145, 107, 118, 197, 33, 256, 148, 46, 122, 195, 189] | mean=126.4 | max=256
    Trace  12: ranks=[86, 14, 112, 153, 119, 92, 199, 80, 256, 122, 76, 70, 172, 137] | mean=120.6 | max=256
    Trace  13: ranks=[50, 13, 76, 201, 99, 123, 171, 124, 256, 119, 41, 118, 188, 155] | mean=123.9 | max=256
    Trace  14: ranks=[55, 21, 104, 185, 91, 157, 135, 142, 256, 76, 41, 75, 222, 206] | mean=126.1 | max=256
    Trace  15: ranks=[66, 24, 125, 187, 95, 185, 163, 159, 256, 96, 89, 73, 213, 154] | mean=134.6 | max=256
    Trace  16: ranks=[71, 33, 167, 215, 83, 195, 172, 144, 256, 121, 67, 115, 206, 138] | mean=141.6 | max=256
    Trace  17: ranks=[84, 33, 187, 172, 96, 208, 172, 170, 256, 139, 38, 115, 204, 102] | mean=141.1 | max=256
    Trace  18: ranks=[107, 35, 200, 167, 132, 215, 173, 181, 255, 105, 117, 126, 202, 115] | mean=152.1 | max=255
    Trace  19: ranks=[126, 36, 197, 144, 125, 219, 178, 140, 256, 118, 155, 133, 226, 94] | mean=153.4 | max=256
    Trace  20: ranks=[149, 43, 238, 155, 110, 218, 179, 126, 256, 130, 139, 121, 224, 98] | mean=156.1 | max=256

  Experiment 3:
    Trace   1: ranks=[65, 82, 166, 178, 164, 23, 150, 256, 113, 28, 205, 14, 55, 16] | mean=108.2 | max=256
    Trace   2: ranks=[13, 82, 224, 159, 85, 31, 65, 251, 91, 127, 212, 106, 49, 95] | mean=113.6 | max=251
    Trace   3: ranks=[38, 91, 193, 72, 60, 20, 56, 255, 85, 120, 179, 65, 133, 53] | mean=101.4 | max=255
    Trace   4: ranks=[25, 136, 189, 49, 75, 18, 117, 253, 30, 195, 192, 110, 101, 6] | mean=106.9 | max=253
    Trace   5: ranks=[9, 187, 167, 91, 67, 22, 106, 245, 13, 155, 174, 64, 115, 3] | mean=101.3 | max=245
    Trace   6: ranks=[31, 172, 102, 125, 53, 26, 71, 218, 17, 190, 175, 107, 62, 3] | mean=96.6 | max=218
    Trace   7: ranks=[94, 179, 169, 104, 43, 39, 99, 192, 12, 162, 216, 93, 22, 6] | mean=102.1 | max=216
    Trace   8: ranks=[63, 193, 137, 79, 40, 58, 104, 177, 10, 114, 230, 124, 9, 7] | mean=96.1 | max=230
    Trace   9: ranks=[89, 167, 70, 81, 38, 28, 85, 119, 11, 92, 173, 176, 5, 6] | mean=81.4 | max=176
    Trace  10: ranks=[113, 210, 120, 91, 37, 20, 77, 106, 2, 122, 191, 167, 21, 7] | mean=91.7 | max=210
    Trace  11: ranks=[150, 215, 104, 83, 30, 58, 54, 72, 6, 140, 155, 185, 20, 18] | mean=92.1 | max=215
    Trace  12: ranks=[195, 189, 71, 68, 41, 45, 107, 123, 11, 148, 164, 136, 22, 47] | mean=97.6 | max=195
    Trace  13: ranks=[158, 191, 89, 57, 73, 39, 134, 107, 8, 165, 147, 111, 10, 34] | mean=94.5 | max=191
    Trace  14: ranks=[174, 169, 112, 38, 67, 54, 138, 91, 7, 185, 110, 124, 12, 66] | mean=96.2 | max=185
    Trace  15: ranks=[172, 154, 140, 51, 72, 56, 108, 83, 7, 221, 85, 106, 8, 73] | mean=95.4 | max=221
    Trace  16: ranks=[198, 182, 137, 62, 56, 70, 83, 115, 14, 216, 52, 115, 13, 55] | mean=97.7 | max=216
    Trace  17: ranks=[191, 225, 138, 68, 63, 77, 82, 76, 9, 172, 95, 107, 10, 28] | mean=95.8 | max=225
    Trace  18: ranks=[216, 236, 95, 63, 63, 97, 123, 46, 9, 142, 95, 125, 11, 49] | mean=97.9 | max=236
    Trace  19: ranks=[235, 242, 89, 75, 55, 100, 133, 54, 15, 131, 75, 134, 12, 62] | mean=100.9 | max=242
    Trace  20: ranks=[244, 223, 68, 77, 56, 102, 148, 56, 6, 122, 54, 169, 7, 69] | mean=100.1 | max=244

  Experiment 4:
    Trace   1: ranks=[92, 191, 194, 9, 28, 256, 245, 118, 36, 255, 2, 79, 47, 25] | mean=112.6 | max=256
    Trace   2: ranks=[199, 135, 82, 6, 88, 243, 225, 89, 197, 253, 5, 153, 52, 50] | mean=126.9 | max=253
    Trace   3: ranks=[181, 50, 166, 24, 112, 224, 167, 41, 220, 241, 3, 193, 43, 30] | mean=121.1 | max=241
    Trace   4: ranks=[182, 59, 165, 26, 56, 140, 49, 16, 197, 186, 2, 213, 18, 29] | mean=95.6 | max=213
    Trace   5: ranks=[209, 47, 191, 15, 94, 127, 25, 15, 175, 168, 2, 249, 15, 37] | mean=97.8 | max=249
    Trace   6: ranks=[167, 107, 213, 32, 67, 116, 21, 14, 216, 135, 2, 254, 17, 48] | mean=100.6 | max=254
    Trace   7: ranks=[156, 119, 221, 62, 88, 95, 23, 49, 180, 86, 2, 232, 50, 90] | mean=103.8 | max=232
    Trace   8: ranks=[161, 83, 233, 14, 111, 133, 34, 105, 179, 150, 5, 244, 53, 97] | mean=114.4 | max=244
    Trace   9: ranks=[173, 107, 243, 17, 90, 77, 78, 149, 159, 205, 5, 238, 60, 78] | mean=119.9 | max=243
    Trace  10: ranks=[137, 74, 245, 14, 120, 122, 27, 174, 187, 222, 8, 216, 125, 60] | mean=123.6 | max=245
    Trace  11: ranks=[116, 96, 219, 26, 116, 156, 12, 129, 135, 230, 6, 219, 151, 75] | mean=120.4 | max=230
    Trace  12: ranks=[122, 83, 234, 13, 103, 168, 27, 90, 106, 173, 9, 207, 173, 107] | mean=115.4 | max=234
    Trace  13: ranks=[110, 61, 220, 18, 130, 123, 50, 69, 175, 185, 14, 204, 190, 100] | mean=117.8 | max=220
    Trace  14: ranks=[161, 82, 225, 21, 123, 123, 84, 127, 203, 214, 9, 223, 211, 86] | mean=135.1 | max=225
    Trace  15: ranks=[114, 106, 231, 20, 120, 90, 42, 131, 221, 202, 21, 239, 182, 59] | mean=127.0 | max=239
    Trace  16: ranks=[136, 159, 232, 22, 88, 89, 29, 92, 232, 236, 6, 223, 205, 34] | mean=127.4 | max=236
    Trace  17: ranks=[160, 167, 234, 27, 75, 85, 25, 83, 243, 244, 6, 190, 221, 42] | mean=128.7 | max=244
    Trace  18: ranks=[140, 155, 197, 29, 92, 76, 23, 100, 246, 250, 5, 180, 230, 42] | mean=126.1 | max=250
    Trace  19: ranks=[106, 124, 201, 61, 101, 68, 9, 141, 222, 249, 9, 168, 232, 24] | mean=122.5 | max=249
    Trace  20: ranks=[87, 113, 214, 54, 130, 51, 14, 118, 200, 248, 17, 192, 250, 19] | mean=121.9 | max=250
Thu Mar 19 10:04:28 AM IST 2026 === DA Exp F: bv2_allF (winner) ===
Loaded 10000 attack traces, length 250000
Loading weights: /home/projects/sipl-prj10622/ASCAD/ASCAD_r/models/bv2_allF_best.weights.h5

True key (fixed): [0, 17, 34, 51, 68, 85, 102, 119, 136, 153, 170, 187, 204, 221, 238, 255]

=== Per-byte rank statistics (single-trace) ===
  Byte     Mean   Median   Top-1%   Top-3%   Top-5%  Top-10%  Top-20%
     2      2.3      1.0     54.6     85.4     93.6     98.4     99.7
     3      5.0      3.0     31.7     59.6     73.9     89.2     96.4
     4      1.8      1.0     60.8     90.4     96.9     99.6    100.0
     5      1.8      1.0     60.6     91.0     97.2     99.8    100.0
     6      1.9      1.0     59.4     89.6     96.2     99.4     99.9
     7      3.1      2.0     44.2     76.6     87.5     96.2     99.1
     8      3.2      2.0     43.3     74.4     86.5     95.7     99.1
     9      1.6      1.0     67.2     94.4     98.8     99.9    100.0
    10      3.2      2.0     47.5     77.3     87.5     95.1     98.2
    11      1.7      1.0     66.0     92.8     97.6     99.7    100.0
    12      3.9      2.0     39.9     69.8     82.2     92.8     97.9
    13      3.5      2.0     39.8     70.7     83.0     94.1     99.0
    14      1.7      1.0     66.2     93.6     98.0     99.7    100.0
    15      2.6      2.0     48.3     79.0     89.8     97.6     99.8

  Overall mean rank: 2.7
  All bytes top-1 on same trace: 0.01%

=== Cumulative log-probability attack ===

  Experiment 0:
    Trace   1: ranks=[1, 6, 4, 2, 1, 1, 1, 2, 1, 2, 12, 3, 1, 5] | mean=3.0 | max=12
    Trace   2: ranks=[1, 1, 1, 1, 1, 1, 1, 1, 1, 1, 4, 1, 1, 1] | mean=1.2 | max=4
    Trace   3: ranks=[1, 1, 1, 1, 1, 1, 1, 1, 1, 1, 2, 1, 1, 1] | mean=1.1 | max=2
    Trace   4: ranks=[1, 1, 1, 1, 1, 1, 1, 1, 1, 1, 1, 1, 1, 1] | mean=1.0 | ALL TOP-1
    >>> ALL BYTES RECOVERED at trace 4!

  Experiment 1:
    Trace   1: ranks=[5, 1, 2, 4, 3, 1, 1, 1, 6, 1, 4, 3, 1, 3] | mean=2.6 | max=6
    Trace   2: ranks=[2, 1, 2, 1, 1, 2, 1, 1, 2, 1, 2, 2, 1, 1] | mean=1.4 | max=2
    Trace   3: ranks=[1, 1, 1, 1, 1, 1, 1, 1, 2, 1, 1, 1, 1, 1] | mean=1.1 | max=2
    Trace   4: ranks=[1, 1, 1, 1, 1, 1, 1, 1, 1, 1, 1, 1, 1, 1] | mean=1.0 | ALL TOP-1
    >>> ALL BYTES RECOVERED at trace 4!

  Experiment 2:
    Trace   1: ranks=[1, 2, 1, 5, 1, 3, 1, 2, 1, 1, 17, 3, 1, 1] | mean=2.9 | max=17
    Trace   2: ranks=[1, 1, 1, 2, 1, 1, 1, 1, 1, 1, 5, 1, 1, 1] | mean=1.4 | max=5
    Trace   3: ranks=[1, 1, 1, 1, 1, 1, 1, 1, 1, 1, 1, 1, 1, 1] | mean=1.0 | ALL TOP-1
    >>> ALL BYTES RECOVERED at trace 3!

  Experiment 3:
    Trace   1: ranks=[1, 9, 1, 1, 1, 2, 1, 1, 5, 3, 1, 1, 2, 1] | mean=2.1 | max=9
    Trace   2: ranks=[1, 1, 1, 1, 1, 1, 1, 1, 1, 1, 1, 1, 1, 1] | mean=1.0 | ALL TOP-1
    >>> ALL BYTES RECOVERED at trace 2!

  Experiment 4:
    Trace   1: ranks=[2, 1, 1, 1, 2, 8, 1, 1, 1, 2, 4, 3, 1, 2] | mean=2.1 | max=8
    Trace   2: ranks=[1, 1, 1, 1, 1, 1, 1, 1, 1, 1, 1, 3, 1, 1] | mean=1.1 | max=3
    Trace   3: ranks=[1, 1, 1, 1, 1, 1, 1, 1, 1, 1, 1, 1, 1, 1] | mean=1.0 | ALL TOP-1
    >>> ALL BYTES RECOVERED at trace 3!
Thu Mar 19 10:06:46 AM IST 2026 === DA Exp G: bv2_seed7_G ===
Loaded 10000 attack traces, length 250000
Loading weights: /home/projects/sipl-prj10622/ASCAD/ASCAD_r/models/bv2_seed7_G_best.weights.h5

True key (fixed): [0, 17, 34, 51, 68, 85, 102, 119, 136, 153, 170, 187, 204, 221, 238, 255]

=== Per-byte rank statistics (single-trace) ===
  Byte     Mean   Median   Top-1%   Top-3%   Top-5%  Top-10%  Top-20%
     2    129.7    131.0      0.4      0.9      1.6      3.5      7.6
     3    127.5    127.0      0.4      1.2      2.0      4.2      8.3
     4    128.3    128.0      0.3      1.0      1.7      3.6      7.7
     5    127.5    126.0      0.3      1.0      1.9      3.8      7.8
     6    128.9    129.0      0.4      1.2      1.8      3.6      7.4
     7    128.5    129.0      0.4      1.3      2.1      4.1      8.0
     8    129.8    130.0      0.4      1.1      1.8      3.9      7.4
     9    128.5    130.0      0.4      1.1      2.0      3.9      7.7
    10    127.9    128.0      0.3      1.0      1.8      3.8      7.6
    11    126.8    125.0      0.5      1.3      2.1      3.9      8.1
    12    128.3    128.0      0.5      1.2      2.2      4.0      7.9
    13    129.5    131.0      0.5      1.5      2.2      4.1      8.0
    14    129.6    130.5      0.4      1.2      1.9      3.6      7.2
    15    128.1    129.0      0.4      1.1      1.8      3.8      8.0

  Overall mean rank: 128.5
  All bytes top-1 on same trace: 0.00%

=== Cumulative log-probability attack ===

  Experiment 0:
    Trace   1: ranks=[224, 162, 119, 64, 91, 231, 1, 70, 121, 105, 112, 23, 187, 27] | mean=109.8 | max=231
    Trace   2: ranks=[193, 229, 211, 60, 148, 221, 19, 87, 124, 20, 145, 42, 202, 57] | mean=125.6 | max=229
    Trace   3: ranks=[131, 176, 230, 97, 140, 224, 21, 168, 177, 39, 87, 22, 211, 161] | mean=134.6 | max=230
    Trace   4: ranks=[154, 96, 240, 52, 116, 170, 102, 156, 173, 43, 87, 10, 229, 168] | mean=128.3 | max=240
    Trace   5: ranks=[60, 114, 214, 84, 94, 171, 137, 160, 165, 35, 126, 27, 202, 200] | mean=127.8 | max=214
    Trace   6: ranks=[45, 98, 185, 42, 90, 93, 158, 112, 187, 37, 129, 42, 217, 247] | mean=120.1 | max=247
    Trace   7: ranks=[67, 140, 187, 79, 99, 64, 153, 153, 177, 77, 127, 79, 208, 250] | mean=132.9 | max=250
    Trace   8: ranks=[82, 150, 153, 40, 85, 41, 221, 162, 188, 87, 135, 38, 222, 252] | mean=132.6 | max=252
    Trace   9: ranks=[60, 149, 190, 29, 82, 27, 235, 160, 203, 36, 123, 18, 225, 242] | mean=127.1 | max=242
    Trace  10: ranks=[99, 140, 173, 20, 95, 45, 228, 118, 178, 37, 102, 29, 233, 241] | mean=124.1 | max=241
    Trace  11: ranks=[149, 172, 190, 16, 62, 32, 224, 102, 164, 17, 129, 33, 225, 219] | mean=123.9 | max=225
    Trace  12: ranks=[187, 194, 197, 16, 66, 28, 199, 126, 185, 27, 216, 28, 244, 199] | mean=136.6 | max=244
    Trace  13: ranks=[228, 170, 195, 15, 48, 29, 150, 74, 181, 28, 205, 17, 241, 207] | mean=127.7 | max=241
    Trace  14: ranks=[238, 148, 217, 20, 42, 35, 171, 58, 171, 38, 196, 15, 240, 197] | mean=127.6 | max=240
    Trace  15: ranks=[233, 115, 172, 6, 46, 50, 129, 90, 185, 24, 215, 12, 228, 185] | mean=120.7 | max=233
    Trace  16: ranks=[224, 92, 173, 23, 51, 61, 138, 63, 212, 14, 228, 27, 217, 171] | mean=121.0 | max=228
    Trace  17: ranks=[235, 71, 161, 31, 44, 44, 106, 67, 190, 26, 223, 20, 214, 143] | mean=112.5 | max=235
    Trace  18: ranks=[243, 57, 183, 29, 46, 56, 121, 95, 206, 28, 210, 35, 223, 137] | mean=119.2 | max=243
    Trace  19: ranks=[237, 42, 163, 23, 43, 38, 86, 78, 216, 21, 218, 49, 216, 99] | mean=109.2 | max=237
    Trace  20: ranks=[237, 42, 132, 26, 36, 36, 70, 85, 198, 9, 225, 82, 220, 129] | mean=109.1 | max=237

  Experiment 1:
    Trace   1: ranks=[64, 169, 139, 239, 178, 157, 16, 96, 108, 91, 113, 79, 217, 34] | mean=121.4 | max=239
    Trace   2: ranks=[125, 195, 222, 253, 183, 53, 24, 163, 186, 152, 15, 88, 125, 86] | mean=133.6 | max=253
    Trace   3: ranks=[216, 212, 237, 253, 176, 138, 46, 174, 187, 155, 2, 12, 50, 106] | mean=140.3 | max=253
    Trace   4: ranks=[193, 206, 217, 245, 79, 170, 16, 147, 218, 124, 3, 2, 26, 23] | mean=119.2 | max=245
    Trace   5: ranks=[149, 223, 172, 233, 77, 160, 19, 170, 215, 98, 5, 4, 77, 38] | mean=117.1 | max=233
    Trace   6: ranks=[171, 239, 183, 217, 85, 136, 24, 154, 209, 90, 15, 18, 83, 73] | mean=121.2 | max=239
    Trace   7: ranks=[177, 200, 203, 241, 56, 126, 41, 152, 203, 144, 10, 25, 44, 44] | mean=119.0 | max=241
    Trace   8: ranks=[134, 177, 162, 230, 79, 85, 31, 208, 233, 63, 6, 19, 34, 52] | mean=108.1 | max=233
    Trace   9: ranks=[141, 186, 164, 230, 135, 107, 33, 170, 238, 152, 5, 40, 43, 78] | mean=123.0 | max=238
    Trace  10: ranks=[148, 190, 143, 252, 162, 83, 8, 178, 236, 98, 4, 82, 67, 75] | mean=123.3 | max=252
    Trace  11: ranks=[173, 204, 132, 256, 179, 79, 34, 194, 229, 52, 3, 53, 77, 96] | mean=125.8 | max=256
    Trace  12: ranks=[202, 219, 110, 256, 230, 67, 49, 190, 233, 46, 5, 70, 82, 108] | mean=133.4 | max=256
    Trace  13: ranks=[132, 193, 107, 256, 230, 146, 51, 198, 217, 77, 2, 75, 117, 128] | mean=137.8 | max=256
    Trace  14: ranks=[119, 204, 65, 256, 230, 119, 79, 211, 227, 167, 2, 60, 83, 126] | mean=139.1 | max=256
    Trace  15: ranks=[108, 220, 77, 256, 240, 85, 81, 174, 232, 115, 4, 54, 90, 147] | mean=134.5 | max=256
    Trace  16: ranks=[100, 222, 77, 256, 239, 70, 54, 146, 234, 133, 1, 65, 77, 124] | mean=128.4 | max=256
    Trace  17: ranks=[103, 215, 74, 256, 240, 98, 69, 140, 237, 121, 2, 40, 92, 121] | mean=129.1 | max=256
    Trace  18: ranks=[111, 228, 48, 256, 235, 104, 44, 131, 233, 112, 2, 58, 117, 142] | mean=130.1 | max=256
    Trace  19: ranks=[137, 236, 37, 256, 228, 126, 52, 127, 246, 141, 6, 46, 77, 144] | mean=132.8 | max=256
    Trace  20: ranks=[111, 237, 43, 256, 235, 140, 53, 90, 249, 124, 5, 38, 65, 157] | mean=128.8 | max=256

  Experiment 2:
    Trace   1: ranks=[1, 236, 140, 101, 174, 213, 249, 151, 217, 219, 4, 234, 242, 184] | mean=168.9 | max=249
    Trace   2: ranks=[2, 109, 81, 82, 92, 40, 198, 56, 197, 166, 117, 224, 251, 171] | mean=127.6 | max=251
    Trace   3: ranks=[11, 97, 111, 77, 103, 53, 188, 24, 180, 108, 37, 231, 245, 101] | mean=111.9 | max=245
    Trace   4: ranks=[6, 122, 121, 117, 173, 98, 178, 100, 124, 88, 14, 205, 254, 182] | mean=127.3 | max=254
    Trace   5: ranks=[7, 117, 163, 201, 166, 182, 111, 63, 249, 55, 30, 214, 255, 182] | mean=142.5 | max=255
    Trace   6: ranks=[4, 164, 78, 233, 209, 202, 149, 88, 240, 62, 19, 144, 255, 201] | mean=146.3 | max=255
    Trace   7: ranks=[2, 199, 22, 225, 193, 189, 155, 140, 222, 102, 15, 98, 253, 185] | mean=142.9 | max=253
    Trace   8: ranks=[2, 183, 26, 239, 196, 210, 202, 153, 208, 49, 44, 75, 253, 190] | mean=145.0 | max=253
    Trace   9: ranks=[3, 186, 28, 242, 217, 209, 220, 136, 245, 41, 45, 49, 254, 197] | mean=148.0 | max=254
    Trace  10: ranks=[3, 167, 37, 235, 203, 179, 233, 106, 250, 53, 61, 57, 255, 223] | mean=147.3 | max=255
    Trace  11: ranks=[7, 184, 54, 247, 176, 181, 245, 104, 254, 72, 60, 45, 256, 212] | mean=149.8 | max=256
    Trace  12: ranks=[10, 194, 71, 242, 205, 198, 239, 160, 252, 53, 72, 28, 255, 173] | mean=153.7 | max=255
    Trace  13: ranks=[6, 155, 84, 240, 182, 184, 225, 161, 252, 27, 64, 37, 256, 170] | mean=145.9 | max=256
    Trace  14: ranks=[4, 169, 94, 237, 145, 223, 179, 167, 251, 33, 53, 32, 256, 125] | mean=140.6 | max=256
    Trace  15: ranks=[14, 166, 137, 235, 149, 218, 217, 196, 247, 77, 81, 30, 255, 58] | mean=148.6 | max=255
    Trace  16: ranks=[16, 145, 108, 236, 206, 223, 196, 200, 251, 114, 75, 37, 250, 67] | mean=151.7 | max=251
    Trace  17: ranks=[27, 155, 99, 231, 215, 233, 193, 218, 252, 143, 69, 29, 246, 48] | mean=154.1 | max=252
    Trace  18: ranks=[38, 156, 173, 239, 202, 245, 191, 220, 251, 83, 151, 23, 247, 55] | mean=162.4 | max=251
    Trace  19: ranks=[43, 171, 155, 224, 195, 251, 190, 199, 253, 116, 188, 29, 253, 47] | mean=165.3 | max=253
    Trace  20: ranks=[45, 152, 154, 237, 183, 250, 191, 177, 251, 108, 189, 30, 251, 48] | mean=161.9 | max=251

  Experiment 3:
    Trace   1: ranks=[152, 164, 163, 96, 241, 221, 143, 248, 39, 43, 175, 38, 66, 21] | mean=129.3 | max=248
    Trace   2: ranks=[122, 54, 185, 51, 246, 239, 124, 251, 52, 191, 209, 78, 106, 42] | mean=139.3 | max=251
    Trace   3: ranks=[176, 81, 166, 19, 231, 251, 136, 240, 51, 224, 164, 102, 198, 5] | mean=146.0 | max=251
    Trace   4: ranks=[194, 84, 145, 21, 239, 208, 80, 230, 12, 189, 197, 106, 147, 3] | mean=132.5 | max=239
    Trace   5: ranks=[119, 86, 177, 18, 242, 218, 110, 224, 7, 153, 205, 84, 166, 1] | mean=129.3 | max=242
    Trace   6: ranks=[159, 125, 148, 10, 238, 206, 75, 224, 22, 185, 152, 64, 165, 1] | mean=126.7 | max=238
    Trace   7: ranks=[197, 199, 196, 17, 223, 185, 131, 203, 43, 215, 147, 46, 131, 11] | mean=138.9 | max=223
    Trace   8: ranks=[167, 181, 171, 5, 189, 155, 100, 208, 52, 218, 201, 31, 123, 27] | mean=130.6 | max=218
    Trace   9: ranks=[197, 172, 150, 8, 158, 102, 150, 136, 54, 221, 125, 47, 115, 55] | mean=120.7 | max=221
    Trace  10: ranks=[229, 197, 210, 18, 140, 93, 162, 128, 22, 222, 115, 67, 130, 28] | mean=125.8 | max=229
    Trace  11: ranks=[224, 202, 222, 15, 124, 159, 173, 134, 24, 226, 77, 68, 151, 47] | mean=131.9 | max=226
    Trace  12: ranks=[232, 181, 202, 24, 143, 141, 220, 148, 59, 230, 107, 47, 167, 90] | mean=142.2 | max=232
    Trace  13: ranks=[210, 208, 204, 6, 181, 123, 191, 130, 82, 229, 88, 17, 124, 46] | mean=131.4 | max=229
    Trace  14: ranks=[211, 204, 224, 3, 186, 127, 212, 128, 65, 246, 60, 10, 142, 68] | mean=134.7 | max=246
    Trace  15: ranks=[219, 208, 220, 4, 176, 78, 207, 129, 64, 255, 42, 10, 138, 96] | mean=131.9 | max=255
    Trace  16: ranks=[210, 211, 231, 6, 159, 65, 217, 125, 117, 253, 29, 11, 146, 79] | mean=132.8 | max=253
    Trace  17: ranks=[223, 233, 239, 19, 103, 51, 205, 127, 146, 248, 50, 16, 154, 61] | mean=133.9 | max=248
    Trace  18: ranks=[244, 225, 223, 16, 106, 50, 206, 154, 140, 248, 44, 33, 200, 94] | mean=141.6 | max=248
    Trace  19: ranks=[245, 230, 227, 19, 149, 77, 213, 180, 98, 247, 56, 46, 215, 89] | mean=149.4 | max=247
    Trace  20: ranks=[243, 217, 197, 27, 153, 85, 209, 193, 123, 247, 46, 55, 209, 130] | mean=152.4 | max=247

  Experiment 4:
    Trace   1: ranks=[67, 234, 232, 144, 224, 256, 192, 249, 84, 252, 3, 34, 140, 80] | mean=156.5 | max=256
    Trace   2: ranks=[209, 100, 166, 168, 182, 213, 145, 226, 187, 244, 4, 83, 98, 107] | mean=152.3 | max=244
    Trace   3: ranks=[141, 71, 185, 149, 210, 214, 87, 240, 181, 231, 10, 99, 130, 81] | mean=144.9 | max=240
    Trace   4: ranks=[118, 149, 190, 218, 197, 123, 30, 245, 131, 203, 10, 58, 44, 45] | mean=125.8 | max=245
    Trace   5: ranks=[123, 180, 211, 192, 237, 90, 77, 225, 122, 206, 7, 24, 66, 56] | mean=129.7 | max=237
    Trace   6: ranks=[75, 221, 244, 181, 239, 53, 51, 207, 124, 196, 3, 95, 129, 53] | mean=133.6 | max=244
    Trace   7: ranks=[76, 220, 242, 166, 243, 51, 30, 244, 129, 141, 1, 125, 200, 65] | mean=138.1 | max=244
    Trace   8: ranks=[88, 148, 234, 114, 248, 71, 63, 243, 92, 125, 24, 141, 192, 79] | mean=133.0 | max=248
    Trace   9: ranks=[95, 134, 222, 116, 238, 87, 85, 240, 95, 163, 29, 96, 202, 108] | mean=136.4 | max=240
    Trace  10: ranks=[82, 79, 236, 101, 232, 98, 48, 251, 96, 198, 37, 68, 236, 67] | mean=130.6 | max=251
    Trace  11: ranks=[80, 96, 207, 89, 236, 127, 41, 234, 116, 219, 30, 57, 238, 67] | mean=131.2 | max=238
    Trace  12: ranks=[43, 84, 211, 40, 206, 134, 47, 229, 113, 180, 30, 85, 232, 83] | mean=122.6 | max=232
    Trace  13: ranks=[58, 60, 191, 51, 222, 150, 85, 235, 151, 205, 49, 84, 240, 72] | mean=132.4 | max=240
    Trace  14: ranks=[80, 83, 152, 59, 198, 127, 124, 236, 152, 215, 47, 84, 241, 78] | mean=134.0 | max=241
    Trace  15: ranks=[52, 125, 184, 35, 160, 143, 126, 225, 181, 190, 144, 124, 239, 49] | mean=141.2 | max=239
    Trace  16: ranks=[32, 162, 210, 33, 103, 191, 95, 196, 150, 156, 94, 133, 240, 45] | mean=131.4 | max=240
    Trace  17: ranks=[69, 165, 223, 59, 129, 214, 82, 189, 177, 145, 51, 102, 248, 42] | mean=135.4 | max=248
    Trace  18: ranks=[79, 143, 185, 73, 156, 197, 130, 208, 146, 143, 37, 81, 243, 37] | mean=132.7 | max=243
    Trace  19: ranks=[57, 155, 190, 78, 178, 203, 88, 219, 138, 127, 68, 117, 244, 38] | mean=135.7 | max=244
    Trace  20: ranks=[34, 133, 170, 89, 192, 168, 90, 211, 135, 117, 63, 171, 251, 29] | mean=132.4 | max=251
Thu Mar 19 10:09:06 AM IST 2026 All ASCAD_r detailed attacks completed.
