Job running on ece-efrats5 | Thu Mar 19 08:32:36 AM IST 2026
=== Detailed Attack: Successful Boolean Masking (ASCAD_r) ===
Model: bv2_allF (bilinear+skip+L2+noise, rank=64, seed=42)
Weights: /home/projects/sipl-prj10622/ASCAD/ASCAD_r/models/bv2_allF_best.weights.h5

Loaded 10000 attack traces, length 250000
Loading weights: /home/projects/sipl-prj10622/ASCAD/ASCAD_r/models/bv2_allF_best.weights.h5

True key: [0, 17, 34, 51, 68, 85, 102, 119, 136, 153, 170, 187, 204, 221, 238, 255]

=== Per-byte rank statistics (single-trace) ===
  Byte     Mean   Median   Top-1%   Top-3%   Top-5%  Top-10%  Top-20%
     2      2.3      1.0     54.6     85.4     93.6     98.4     99.7
     3      5.0      3.0     31.7     59.6     73.9     89.2     96.4
     4      1.8      1.0     60.8     90.4     96.9     99.6    100.0
     5      1.8      1.0     60.6     91.0     97.2     99.8    100.0
     6      1.9      1.0     59.4     89.6     96.2     99.4     99.9
     7      3.1      2.0     44.2     76.6     87.5     96.2     99.1
     8      3.2      2.0     43.3     74.4     86.5     95.7     99.1
     9      1.6      1.0     67.2     94.4     98.8     99.9    100.0
    10      3.2      2.0     47.5     77.3     87.5     95.1     98.2
    11      1.7      1.0     66.0     92.8     97.6     99.7    100.0
    12      3.9      2.0     39.9     69.8     82.2     92.8     97.9
    13      3.5      2.0     39.8     70.7     83.0     94.1     99.0
    14      1.7      1.0     66.2     93.6     98.0     99.7    100.0
    15      2.6      2.0     48.3     79.0     89.8     97.6     99.8

  Overall mean rank: 2.7
  All bytes top-1 on same trace: 0.01%

=== Cumulative log-probability attack ===

  Experiment 0:
    Trace   1: ranks=[1, 6, 4, 2, 1, 1, 1, 2, 1, 2, 12, 3, 1, 5] | mean=3.0 | max=12
    Trace   2: ranks=[1, 1, 1, 1, 1, 1, 1, 1, 1, 1, 4, 1, 1, 1] | mean=1.2 | max=4
    Trace   3: ranks=[1, 1, 1, 1, 1, 1, 1, 1, 1, 1, 2, 1, 1, 1] | mean=1.1 | max=2
    Trace   4: ranks=[1, 1, 1, 1, 1, 1, 1, 1, 1, 1, 1, 1, 1, 1] | mean=1.0 | ALL TOP-1
    >>> ALL BYTES RECOVERED at trace 4!

  Experiment 1:
    Trace   1: ranks=[5, 1, 2, 4, 3, 1, 1, 1, 6, 1, 4, 3, 1, 3] | mean=2.6 | max=6
    Trace   2: ranks=[2, 1, 2, 1, 1, 2, 1, 1, 2, 1, 2, 2, 1, 1] | mean=1.4 | max=2
    Trace   3: ranks=[1, 1, 1, 1, 1, 1, 1, 1, 2, 1, 1, 1, 1, 1] | mean=1.1 | max=2
    Trace   4: ranks=[1, 1, 1, 1, 1, 1, 1, 1, 1, 1, 1, 1, 1, 1] | mean=1.0 | ALL TOP-1
    >>> ALL BYTES RECOVERED at trace 4!

  Experiment 2:
    Trace   1: ranks=[1, 2, 1, 5, 1, 3, 1, 2, 1, 1, 17, 3, 1, 1] | mean=2.9 | max=17
    Trace   2: ranks=[1, 1, 1, 2, 1, 1, 1, 1, 1, 1, 5, 1, 1, 1] | mean=1.4 | max=5
    Trace   3: ranks=[1, 1, 1, 1, 1, 1, 1, 1, 1, 1, 1, 1, 1, 1] | mean=1.0 | ALL TOP-1
    >>> ALL BYTES RECOVERED at trace 3!

  Experiment 3:
    Trace   1: ranks=[1, 9, 1, 1, 1, 2, 1, 1, 5, 3, 1, 1, 2, 1] | mean=2.1 | max=9
    Trace   2: ranks=[1, 1, 1, 1, 1, 1, 1, 1, 1, 1, 1, 1, 1, 1] | mean=1.0 | ALL TOP-1
    >>> ALL BYTES RECOVERED at trace 2!

  Experiment 4:
    Trace   1: ranks=[2, 1, 1, 1, 2, 8, 1, 1, 1, 2, 4, 3, 1, 2] | mean=2.1 | max=8
    Trace   2: ranks=[1, 1, 1, 1, 1, 1, 1, 1, 1, 1, 1, 3, 1, 1] | mean=1.1 | max=3
    Trace   3: ranks=[1, 1, 1, 1, 1, 1, 1, 1, 1, 1, 1, 1, 1, 1] | mean=1.0 | ALL TOP-1
    >>> ALL BYTES RECOVERED at trace 3!

Thu Mar 19 08:35:48 AM IST 2026 Detailed attack completed.
