WARNING: All log messages before absl::InitializeLog() is called are written to STDERR
E0000 00:00:1773924647.148420  561886 cuda_dnn.cc:8310] Unable to register cuDNN factory: Attempting to register factory for plugin cuDNN when one has already been registered
E0000 00:00:1773924647.154586  561886 cuda_blas.cc:1418] Unable to register cuBLAS factory: Attempting to register factory for plugin cuBLAS when one has already been registered
I0000 00:00:1773924792.437314  561886 gpu_device.cc:2022] Created device /job:localhost/replica:0/task:0/device:GPU:0 with 46765 MB memory:  -> device: 0, name: NVIDIA RTX A6000, pci bus id: 0000:6a:00.0, compute capability: 8.6
I0000 00:00:1773924843.511608  562733 cuda_dnn.cc:529] Loaded cuDNN version 91002
WARNING: All log messages before absl::InitializeLog() is called are written to STDERR
E0000 00:00:1773927086.448560  580286 cuda_dnn.cc:8310] Unable to register cuDNN factory: Attempting to register factory for plugin cuDNN when one has already been registered
E0000 00:00:1773927086.454933  580286 cuda_blas.cc:1418] Unable to register cuBLAS factory: Attempting to register factory for plugin cuBLAS when one has already been registered
I0000 00:00:1773927113.577366  580286 gpu_device.cc:2022] Created device /job:localhost/replica:0/task:0/device:GPU:0 with 46765 MB memory:  -> device: 0, name: NVIDIA RTX A6000, pci bus id: 0000:6a:00.0, compute capability: 8.6
/home/projects/sipl-prj10622/conda/envs/dlsca_scaaml/lib/python3.10/site-packages/keras/src/saving/saving_lib.py:757: UserWarning: Skipping variable loading for optimizer 'adam', because it has 2 variables whereas the saved optimizer has 130 variables. 
  saveable.load_own_variables(weights_store.get(inner_path))
I0000 00:00:1773927117.896674  580532 cuda_dnn.cc:529] Loaded cuDNN version 91002
  0%|          | 0/14 [00:00<?, ?it/s]100%|██████████| 14/14 [00:00<00:00, 154.15it/s]
  0%|          | 0/14 [00:00<?, ?it/s]100%|██████████| 14/14 [00:00<00:00, 192.06it/s]
  0%|          | 0/14 [00:00<?, ?it/s]100%|██████████| 14/14 [00:00<00:00, 189.74it/s]
  0%|          | 0/14 [00:00<?, ?it/s]100%|██████████| 14/14 [00:00<00:00, 189.22it/s]
  0%|          | 0/14 [00:00<?, ?it/s]100%|██████████| 14/14 [00:00<00:00, 194.24it/s]
  0%|          | 0/14 [00:00<?, ?it/s]100%|██████████| 14/14 [00:00<00:00, 182.63it/s]
  0%|          | 0/14 [00:00<?, ?it/s]100%|██████████| 14/14 [00:00<00:00, 192.69it/s]
  0%|          | 0/14 [00:00<?, ?it/s]100%|██████████| 14/14 [00:00<00:00, 184.45it/s]
  0%|          | 0/14 [00:00<?, ?it/s]100%|██████████| 14/14 [00:00<00:00, 189.51it/s]
  0%|          | 0/14 [00:00<?, ?it/s]100%|██████████| 14/14 [00:00<00:00, 190.44it/s]
