WARNING: All log messages before absl::InitializeLog() is called are written to STDERR
E0000 00:00:1774006516.296849 1069406 cuda_dnn.cc:8310] Unable to register cuDNN factory: Attempting to register factory for plugin cuDNN when one has already been registered
E0000 00:00:1774006516.303403 1069406 cuda_blas.cc:1418] Unable to register cuBLAS factory: Attempting to register factory for plugin cuBLAS when one has already been registered
I0000 00:00:1774006660.857111 1069406 gpu_device.cc:2022] Created device /job:localhost/replica:0/task:0/device:GPU:0 with 46765 MB memory:  -> device: 0, name: NVIDIA RTX A6000, pci bus id: 0000:be:00.0, compute capability: 8.6
I0000 00:00:1774006710.295387 1070293 cuda_dnn.cc:529] Loaded cuDNN version 91002
WARNING: All log messages before absl::InitializeLog() is called are written to STDERR
E0000 00:00:1774008817.580595 1086898 cuda_dnn.cc:8310] Unable to register cuDNN factory: Attempting to register factory for plugin cuDNN when one has already been registered
E0000 00:00:1774008817.586893 1086898 cuda_blas.cc:1418] Unable to register cuBLAS factory: Attempting to register factory for plugin cuBLAS when one has already been registered
I0000 00:00:1774008844.555209 1086898 gpu_device.cc:2022] Created device /job:localhost/replica:0/task:0/device:GPU:0 with 46765 MB memory:  -> device: 0, name: NVIDIA RTX A6000, pci bus id: 0000:be:00.0, compute capability: 8.6
/home/projects/sipl-prj10622/conda/envs/dlsca_scaaml/lib/python3.10/site-packages/keras/src/saving/saving_lib.py:757: UserWarning: Skipping variable loading for optimizer 'adam', because it has 2 variables whereas the saved optimizer has 130 variables. 
  saveable.load_own_variables(weights_store.get(inner_path))
I0000 00:00:1774008854.948733 1087123 cuda_dnn.cc:529] Loaded cuDNN version 91002
  0%|          | 0/14 [00:00<?, ?it/s]100%|██████████| 14/14 [00:00<00:00, 158.40it/s]
  0%|          | 0/14 [00:00<?, ?it/s]100%|██████████| 14/14 [00:00<00:00, 214.14it/s]
  0%|          | 0/14 [00:00<?, ?it/s]100%|██████████| 14/14 [00:00<00:00, 200.67it/s]
  0%|          | 0/14 [00:00<?, ?it/s]100%|██████████| 14/14 [00:00<00:00, 204.56it/s]
  0%|          | 0/14 [00:00<?, ?it/s]100%|██████████| 14/14 [00:00<00:00, 211.35it/s]
  0%|          | 0/14 [00:00<?, ?it/s]100%|██████████| 14/14 [00:00<00:00, 205.43it/s]
  0%|          | 0/14 [00:00<?, ?it/s]100%|██████████| 14/14 [00:00<00:00, 208.13it/s]
  0%|          | 0/14 [00:00<?, ?it/s]100%|██████████| 14/14 [00:00<00:00, 207.05it/s]
  0%|          | 0/14 [00:00<?, ?it/s]100%|██████████| 14/14 [00:00<00:00, 204.24it/s]
  0%|          | 0/14 [00:00<?, ?it/s]100%|██████████| 14/14 [00:00<00:00, 204.71it/s]
