WARNING: All log messages before absl::InitializeLog() is called are written to STDERR
E0000 00:00:1773996688.309436 1000173 cuda_dnn.cc:8310] Unable to register cuDNN factory: Attempting to register factory for plugin cuDNN when one has already been registered
E0000 00:00:1773996688.315489 1000173 cuda_blas.cc:1418] Unable to register cuBLAS factory: Attempting to register factory for plugin cuBLAS when one has already been registered
I0000 00:00:1773996832.684981 1000173 gpu_device.cc:2022] Created device /job:localhost/replica:0/task:0/device:GPU:0 with 46765 MB memory:  -> device: 0, name: NVIDIA RTX A6000, pci bus id: 0000:6a:00.0, compute capability: 8.6
I0000 00:00:1773996884.401477 1001103 cuda_dnn.cc:529] Loaded cuDNN version 91002
WARNING: All log messages before absl::InitializeLog() is called are written to STDERR
E0000 00:00:1773999064.214688 1020196 cuda_dnn.cc:8310] Unable to register cuDNN factory: Attempting to register factory for plugin cuDNN when one has already been registered
E0000 00:00:1773999064.221174 1020196 cuda_blas.cc:1418] Unable to register cuBLAS factory: Attempting to register factory for plugin cuBLAS when one has already been registered
I0000 00:00:1773999091.789550 1020196 gpu_device.cc:2022] Created device /job:localhost/replica:0/task:0/device:GPU:0 with 46765 MB memory:  -> device: 0, name: NVIDIA RTX A6000, pci bus id: 0000:6a:00.0, compute capability: 8.6
/home/projects/sipl-prj10622/conda/envs/dlsca_scaaml/lib/python3.10/site-packages/keras/src/saving/saving_lib.py:757: UserWarning: Skipping variable loading for optimizer 'adam', because it has 2 variables whereas the saved optimizer has 130 variables. 
  saveable.load_own_variables(weights_store.get(inner_path))
I0000 00:00:1773999102.510892 1020364 cuda_dnn.cc:529] Loaded cuDNN version 91002
  0%|          | 0/14 [00:00<?, ?it/s]100%|██████████| 14/14 [00:00<00:00, 154.79it/s]
  0%|          | 0/14 [00:00<?, ?it/s]100%|██████████| 14/14 [00:00<00:00, 197.45it/s]
  0%|          | 0/14 [00:00<?, ?it/s]100%|██████████| 14/14 [00:00<00:00, 205.83it/s]
  0%|          | 0/14 [00:00<?, ?it/s]100%|██████████| 14/14 [00:00<00:00, 192.86it/s]
  0%|          | 0/14 [00:00<?, ?it/s]100%|██████████| 14/14 [00:00<00:00, 201.47it/s]
  0%|          | 0/14 [00:00<?, ?it/s]100%|██████████| 14/14 [00:00<00:00, 197.85it/s]
  0%|          | 0/14 [00:00<?, ?it/s]100%|██████████| 14/14 [00:00<00:00, 198.62it/s]
  0%|          | 0/14 [00:00<?, ?it/s]100%|██████████| 14/14 [00:00<00:00, 201.39it/s]
  0%|          | 0/14 [00:00<?, ?it/s]100%|██████████| 14/14 [00:00<00:00, 205.93it/s]
  0%|          | 0/14 [00:00<?, ?it/s]100%|██████████| 14/14 [00:00<00:00, 203.27it/s]
