This is pdfTeX, Version 3.141592653-2.6-1.40.29 (MiKTeX 26.5) (preloaded format=pdflatex 2026.5.22)  22 MAY 2026 17:23
entering extended mode
 restricted \write18 enabled.
 file:line:error style messages enabled.
 %&-line parsing enabled.
**"c:/Users/soust/OneDrive - Technion/past semesters/2025 spring/Project A/PAPE
R/paper/main.tex"

(c:/Users/soust/OneDrive - Technion/past semesters/2025 spring/Project A/PAPER/
paper/main.tex
LaTeX2e <2025-11-01>
L3 programming layer <2026-03-20>

! LaTeX Error: File `iacrtrans.cls' not found.

Type X to quit or <RETURN> to proceed,
or enter new name. (Default extension: cls)

Enter file name: 
c:/Users/soust/OneDrive - Technion/past semesters/2025 spring/Project A/PAPER/p
aper/main.tex:10: Emergency stop.
<read *> 
         
l.10 ^^M
        
*** (cannot \read from terminal in nonstop modes)

 
Here is how much of TeX's memory you used:
 22 strings out of 467691
 710 string characters out of 5414987
 434954 words of memory out of 5000000
 29181 multiletter control sequences out of 15000+600000
 627721 words of font info for 40 fonts, out of 8000000 for 9000
 1141 hyphenation exceptions out of 8191
 19i,0n,29p,188b,17s stack positions out of 10000i,1000n,20000p,200000b,200000s
c:/Users/soust/OneDrive - Technion/past semesters/2025 spring/Project A/PAPER/p
aper/main.tex:10:  ==> Fatal error occurred, no output PDF file produced!
