WARNING: All log messages before absl::InitializeLog() is called are written to STDERR
E0000 00:00:1773819748.980312 4069223 cuda_dnn.cc:8310] Unable to register cuDNN factory: Attempting to register factory for plugin cuDNN when one has already been registered
E0000 00:00:1773819748.986371 4069223 cuda_blas.cc:1418] Unable to register cuBLAS factory: Attempting to register factory for plugin cuBLAS when one has already been registered
I0000 00:00:1773819936.096372 4069223 gpu_device.cc:2022] Created device /job:localhost/replica:0/task:0/device:GPU:0 with 46765 MB memory:  -> device: 0, name: NVIDIA RTX A6000, pci bus id: 0001:16:00.0, compute capability: 8.6
I0000 00:00:1773820014.503841 4071218 cuda_dnn.cc:529] Loaded cuDNN version 91002
WARNING: All log messages before absl::InitializeLog() is called are written to STDERR
E0000 00:00:1773822179.988074 4108643 cuda_dnn.cc:8310] Unable to register cuDNN factory: Attempting to register factory for plugin cuDNN when one has already been registered
E0000 00:00:1773822179.994617 4108643 cuda_blas.cc:1418] Unable to register cuBLAS factory: Attempting to register factory for plugin cuBLAS when one has already been registered
I0000 00:00:1773822206.090628 4108643 gpu_device.cc:2022] Created device /job:localhost/replica:0/task:0/device:GPU:0 with 46765 MB memory:  -> device: 0, name: NVIDIA RTX A6000, pci bus id: 0001:16:00.0, compute capability: 8.6
/home/projects/sipl-prj10622/conda/envs/dlsca_scaaml/lib/python3.10/site-packages/keras/src/saving/saving_lib.py:757: UserWarning: Skipping variable loading for optimizer 'adam', because it has 2 variables whereas the saved optimizer has 218 variables. 
  saveable.load_own_variables(weights_store.get(inner_path))
I0000 00:00:1773822213.692035 4108978 cuda_dnn.cc:529] Loaded cuDNN version 91002
  0%|          | 0/14 [00:00<?, ?it/s]100%|██████████| 14/14 [00:00<00:00, 152.54it/s]
  0%|          | 0/14 [00:00<?, ?it/s]100%|██████████| 14/14 [00:00<00:00, 196.42it/s]
  0%|          | 0/14 [00:00<?, ?it/s]100%|██████████| 14/14 [00:00<00:00, 202.65it/s]
  0%|          | 0/14 [00:00<?, ?it/s]100%|██████████| 14/14 [00:00<00:00, 201.38it/s]
  0%|          | 0/14 [00:00<?, ?it/s]100%|██████████| 14/14 [00:00<00:00, 198.69it/s]
  0%|          | 0/14 [00:00<?, ?it/s]100%|██████████| 14/14 [00:00<00:00, 190.71it/s]
  0%|          | 0/14 [00:00<?, ?it/s]100%|██████████| 14/14 [00:00<00:00, 201.59it/s]
  0%|          | 0/14 [00:00<?, ?it/s]100%|██████████| 14/14 [00:00<00:00, 198.55it/s]
  0%|          | 0/14 [00:00<?, ?it/s]100%|██████████| 14/14 [00:00<00:00, 208.79it/s]
  0%|          | 0/14 [00:00<?, ?it/s]100%|██████████| 14/14 [00:00<00:00, 198.29it/s]
